#
# A fatal error has been detected by the Java Runtime Environment:
#
#  SIGSEGV (0xb) at pc=0x0000000114da6000, pid=4022, tid=15619
#
# JRE version: Java(TM) SE Runtime Environment (17.0.11+7) (build 17.0.11+7-LTS-207)
# Java VM: Java HotSpot(TM) 64-Bit Server VM (17.0.11+7-LTS-207, mixed mode, sharing, tiered, compressed oops, compressed class ptrs, g1 gc, bsd-amd64)
# Problematic frame:
# C  [libnative-platform-file-events.dylib+0x0]  __dso_handle+0x0
#
# No core dump will be written. Core dumps have been disabled. To enable core dumping, try "ulimit -c unlimited" before starting Java again
#
# If you would like to submit a bug report, please visit:
#   https://bugreport.java.com/bugreport/crash.jsp
#

---------------  S U M M A R Y ------------

Command Line: --add-opens=java.base/java.util=ALL-UNNAMED --add-opens=java.base/java.lang=ALL-UNNAMED --add-opens=java.base/java.lang.invoke=ALL-UNNAMED --add-opens=java.prefs/java.util.prefs=ALL-UNNAMED --add-opens=java.base/java.nio.charset=ALL-UNNAMED --add-opens=java.base/java.net=ALL-UNNAMED --add-opens=java.base/java.util.concurrent.atomic=ALL-UNNAMED -XX:MaxMetaspaceSize=384m -XX:+HeapDumpOnOutOfMemoryError -Xms256m -Xmx512m -Dfile.encoding=UTF-8 -Duser.country=US -Duser.language=en -Duser.variant -javaagent:/Users/bryanatwood/.gradle/wrapper/dists/gradle-8.8-bin/dl7vupf4psengwqhwktix4v1/gradle-8.8/lib/agents/gradle-instrumentation-agent-8.8.jar org.gradle.launcher.daemon.bootstrap.GradleDaemon 8.8

Host: "MacBookPro11,1" x86_64 2600 MHz, 4 cores, 8G, Darwin 20.6.0, macOS 11.7.10 (20G1427)
Time: Sat Jun  8 20:45:21 2024 EDT elapsed time: 13.399179 seconds (0d 0h 0m 13s)

---------------  T H R E A D  ---------------

Current thread is native thread

Stack: [0x0000700007359000,0x00007000073d9000],  sp=0x00007000073d6228,  free space=500k
Native frames: (J=compiled Java code, j=interpreted, Vv=VM code, C=native code)
C  [libnative-platform-file-events.dylib+0x0]  __dso_handle+0x0
C  [libnative-platform-file-events.dylib+0x15c27]  void std::__1::__variant_detail::__ctor<std::__1::__variant_detail::__traits<FileEvent, ErrorEvent, PoisonPill> >::__generic_construct[abi:v160006]<std::__1::__variant_detail::__copy_constructor<std::__1::__variant_detail::__traits<FileEvent, ErrorEvent, PoisonPill>, (std::__1::__variant_detail::_Trait)1> const&>(std::__1::__variant_detail::__ctor<std::__1::__variant_detail::__traits<FileEvent, ErrorEvent, PoisonPill> >&, std::__1::__variant_detail::__copy_constructor<std::__1::__variant_detail::__traits<FileEvent, ErrorEvent, PoisonPill>, (std::__1::__variant_detail::_Trait)1> const&)+0x47
C  [libnative-platform-file-events.dylib+0x15b8a]  std::__1::__variant_detail::__copy_constructor<std::__1::__variant_detail::__traits<FileEvent, ErrorEvent, PoisonPill>, (std::__1::__variant_detail::_Trait)1>::__copy_constructor(std::__1::__variant_detail::__copy_constructor<std::__1::__variant_detail::__traits<FileEvent, ErrorEvent, PoisonPill>, (std::__1::__variant_detail::_Trait)1> const&)+0x2a
C  [libnative-platform-file-events.dylib+0x15b4d]  std::__1::__variant_detail::__assignment<std::__1::__variant_detail::__traits<FileEvent, ErrorEvent, PoisonPill> >::__assignment(std::__1::__variant_detail::__assignment<std::__1::__variant_detail::__traits<FileEvent, ErrorEvent, PoisonPill> > const&)+0x1d
C  [libnative-platform-file-events.dylib+0x15b1d]  std::__1::__variant_detail::__move_assignment<std::__1::__variant_detail::__traits<FileEvent, ErrorEvent, PoisonPill>, (std::__1::__variant_detail::_Trait)1>::__move_assignment(std::__1::__variant_detail::__move_assignment<std::__1::__variant_detail::__traits<FileEvent, ErrorEvent, PoisonPill>, (std::__1::__variant_detail::_Trait)1> const&)+0x1d
C  [libnative-platform-file-events.dylib+0x15aed]  std::__1::__variant_detail::__copy_assignment<std::__1::__variant_detail::__traits<FileEvent, ErrorEvent, PoisonPill>, (std::__1::__variant_detail::_Trait)1>::__copy_assignment(std::__1::__variant_detail::__copy_assignment<std::__1::__variant_detail::__traits<FileEvent, ErrorEvent, PoisonPill>, (std::__1::__variant_detail::_Trait)1> const&)+0x1d
C  [libnative-platform-file-events.dylib+0x15abd]  std::__1::__variant_detail::__impl<FileEvent, ErrorEvent, PoisonPill>::__impl(std::__1::__variant_detail::__impl<FileEvent, ErrorEvent, PoisonPill> const&)+0x1d
C  [libnative-platform-file-events.dylib+0x15a8d]  std::__1::__variant_detail::__impl<FileEvent, ErrorEvent, PoisonPill>::__impl(std::__1::__variant_detail::__impl<FileEvent, ErrorEvent, PoisonPill> const&)+0x1d
C  [libnative-platform-file-events.dylib+0x15a5d]  std::__1::variant<FileEvent, ErrorEvent, PoisonPill>::variant(std::__1::variant<FileEvent, ErrorEvent, PoisonPill> const&)+0x1d
C  [libnative-platform-file-events.dylib+0x15a2d]  std::__1::variant<FileEvent, ErrorEvent, PoisonPill>::variant(std::__1::variant<FileEvent, ErrorEvent, PoisonPill> const&)+0x1d
C  [libnative-platform-file-events.dylib+0x15a01]  void std::__1::allocator<std::__1::variant<FileEvent, ErrorEvent, PoisonPill> >::construct[abi:v160006]<std::__1::variant<FileEvent, ErrorEvent, PoisonPill>, std::__1::variant<FileEvent, ErrorEvent, PoisonPill> const&>(std::__1::variant<FileEvent, ErrorEvent, PoisonPill>*, std::__1::variant<FileEvent, ErrorEvent, PoisonPill> const&)+0x21
C  [libnative-platform-file-events.dylib+0x13805]  void std::__1::allocator_traits<std::__1::allocator<std::__1::variant<FileEvent, ErrorEvent, PoisonPill> > >::construct[abi:v160006]<std::__1::variant<FileEvent, ErrorEvent, PoisonPill>, std::__1::variant<FileEvent, ErrorEvent, PoisonPill> const&, void>(std::__1::allocator<std::__1::variant<FileEvent, ErrorEvent, PoisonPill> >&, std::__1::variant<FileEvent, ErrorEvent, PoisonPill>*, std::__1::variant<FileEvent, ErrorEvent, PoisonPill> const&)+0x25
C  [libnative-platform-file-events.dylib+0x133ef]  std::__1::deque<std::__1::variant<FileEvent, ErrorEvent, PoisonPill>, std::__1::allocator<std::__1::variant<FileEvent, ErrorEvent, PoisonPill> > >::push_back(std::__1::variant<FileEvent, ErrorEvent, PoisonPill> const&)+0x6f
C  [libnative-platform-file-events.dylib+0x1336d]  std::__1::queue<std::__1::variant<FileEvent, ErrorEvent, PoisonPill>, std::__1::deque<std::__1::variant<FileEvent, ErrorEvent, PoisonPill>, std::__1::allocator<std::__1::variant<FileEvent, ErrorEvent, PoisonPill> > > >::push[abi:v160006](std::__1::variant<FileEvent, ErrorEvent, PoisonPill> const&)+0x1d
C  [libnative-platform-file-events.dylib+0xd9d2]  BlockingQueue<std::__1::variant<FileEvent, ErrorEvent, PoisonPill> >::enqueue(std::__1::variant<FileEvent, ErrorEvent, PoisonPill> const&)+0x32
C  [libnative-platform-file-events.dylib+0xd809]  Server::handleEvents(unsigned long, char**, unsigned int const*, unsigned long long const*)+0xb9
C  [libnative-platform-file-events.dylib+0xd441]  handleEventsCallback(__FSEventStream const*, void*, unsigned long, void*, unsigned int const*, unsigned long long const*)+0x41
C  [FSEvents+0x2eff]  implementation_callback_rpc+0xe11
C  [FSEvents+0x206e]  _Xcallback_rpc+0xe9
C  [FSEvents+0x1f67]  FSEventsD2F_server+0x37
C  [FSEvents+0x5a73]  receive_and_dispatch_rcv_msg+0x141
C  [libdispatch.dylib+0x3806]  _dispatch_client_callout+0x8
C  [libdispatch.dylib+0x61b0]  _dispatch_continuation_pop+0x1a7
C  [libdispatch.dylib+0x16564]  _dispatch_source_invoke+0x80d
C  [libdispatch.dylib+0x9493]  _dispatch_lane_serial_drain+0x107
C  [libdispatch.dylib+0xa0ad]  _dispatch_lane_invoke+0x16e
C  [libdispatch.dylib+0x13c0d]  _dispatch_workloop_worker_thread+0x32b
C  [libsystem_pthread.dylib+0x345d]  _pthread_wqthread+0x13a
C  [libsystem_pthread.dylib+0x242f]  start_wqthread+0xf


siginfo: si_signo: 11 (SIGSEGV), si_code: 0 (unknown), si_addr: 0x0000000000000000

Registers:
RAX=0x0000000114da6000, RBX=0x0000000000000001, RCX=0x0000000000000000, RDX=0x00007000073d65b0
RSP=0x00007000073d6228, RBP=0x00007000073d6280, RSI=0x00007fb8b807ec00, RDI=0x00007000073d6298
R8 =0x00000000000065cb, R9 =0x00007fb8b5c75400, R10=0x0000000000000200, R11=0x0000000000003fff
R12=0x00007fb8b8bce600, R13=0x0000000000000000, R14=0x0000000000000001, R15=0x0000000000000000
RIP=0x0000000114da6000, EFLAGS=0x0000000000010206, ERR=0x0000000000000000
  TRAPNO=0x000000000000000d


Top of Stack: (sp=0x00007000073d6228)
0x00007000073d6228:   0000000114dbbd8c 00007000073d6298
0x00007000073d6238:   00007fb8b807ec00 0000000114da6000
0x00007000073d6248:   0000000114da6000 0000000114da6000
0x00007000073d6258:   0000000114da6000 00007000073d65b0
0x00007000073d6268:   00007fb8b807ec00 00007000073d6298
0x00007000073d6278:   0000000000000000 00007000073d62b0
0x00007000073d6288:   0000000114dbbc27 00007000073d62b0
0x00007000073d6298:   0000000114dbbbd5 00007000073d65b0
0x00007000073d62a8:   00007fb8b807ec00 00007000073d62f0
0x00007000073d62b8:   0000000114dbbb8a 00007fb8b807ec00
0x00007000073d62c8:   0000000114dbb849 0000000000000000
0x00007000073d62d8:   00007000073d63b0 00007000073d65b0
0x00007000073d62e8:   00007fb8b807ec00 00007000073d6310
0x00007000073d62f8:   0000000114dbbb4d 00007000073d65b0
0x00007000073d6308:   00007fb8b807ec00 00007000073d6330
0x00007000073d6318:   0000000114dbbb1d 00007000073d65b0
0x00007000073d6328:   00007fb8b807ec00 00007000073d6350
0x00007000073d6338:   0000000114dbbaed 00007000073d65b0
0x00007000073d6348:   00007fb8b807ec00 00007000073d6370
0x00007000073d6358:   0000000114dbbabd 00007000073d65b0
0x00007000073d6368:   00007fb8b807ec00 00007000073d6390
0x00007000073d6378:   0000000114dbba8d 00007000073d65b0
0x00007000073d6388:   00007fb8b807ec00 00007000073d63b0
0x00007000073d6398:   0000000114dbba5d 00007000073d65b0
0x00007000073d63a8:   00007fb8b807ec00 00007000073d63d0
0x00007000073d63b8:   0000000114dbba2d 00007000073d65b0
0x00007000073d63c8:   00007fb8b807ec00 00007000073d6400
0x00007000073d63d8:   0000000114dbba01 00007fb8b807ec00
0x00007000073d63e8:   00007000073d65b0 00007fb8b807ec00
0x00007000073d63f8:   00007fb8b776c198 00007000073d6430
0x00007000073d6408:   0000000114db9805 0000000000000000
0x00007000073d6418:   00007000073d65b0 00007fb8b807ec00 

Instructions: (pc=0x0000000114da6000)
0x0000000114da5f00:   00 00 00 00 00 00 00 00 00 00 00 00 00 00 00 00
0x0000000114da5f10:   00 00 00 00 00 00 00 00 00 00 00 00 00 00 00 00
0x0000000114da5f20:   00 00 00 00 00 00 00 00 00 00 00 00 00 00 00 00
0x0000000114da5f30:   00 00 00 00 00 00 00 00 00 00 00 00 00 00 00 00
0x0000000114da5f40:   00 00 00 00 00 00 00 00 00 00 00 00 00 00 00 00
0x0000000114da5f50:   00 00 00 00 00 00 00 00 00 00 00 00 00 00 00 00
0x0000000114da5f60:   00 00 00 00 00 00 00 00 00 00 00 00 00 00 00 00
0x0000000114da5f70:   00 00 00 00 00 00 00 00 00 00 00 00 00 00 00 00
0x0000000114da5f80:   00 00 00 00 00 00 00 00 00 00 00 00 00 00 00 00
0x0000000114da5f90:   00 00 00 00 00 00 00 00 00 00 00 00 00 00 00 00
0x0000000114da5fa0:   00 00 00 00 00 00 00 00 00 00 00 00 00 00 00 00
0x0000000114da5fb0:   00 00 00 00 00 00 00 00 00 00 00 00 00 00 00 00
0x0000000114da5fc0:   00 00 00 00 00 00 00 00 00 00 00 00 00 00 00 00
0x0000000114da5fd0:   00 00 00 00 00 00 00 00 00 00 00 00 00 00 00 00
0x0000000114da5fe0:   00 00 00 00 00 00 00 00 00 00 00 00 00 00 00 00
0x0000000114da5ff0:   00 00 00 00 00 00 00 00 00 00 00 00 00 00 00 00
0x0000000114da6000:   cf fa ed fe 07 00 00 01 03 00 00 00 06 00 00 00
0x0000000114da6010:   10 00 00 00 00 07 00 00 85 80 11 00 00 00 00 00
0x0000000114da6020:   19 00 00 00 78 02 00 00 5f 5f 54 45 58 54 00 00
0x0000000114da6030:   00 00 00 00 00 00 00 00 00 00 00 00 00 00 00 00
0x0000000114da6040:   00 c0 01 00 00 00 00 00 00 00 00 00 00 00 00 00
0x0000000114da6050:   00 c0 01 00 00 00 00 00 05 00 00 00 05 00 00 00
0x0000000114da6060:   07 00 00 00 00 00 00 00 5f 5f 74 65 78 74 00 00
0x0000000114da6070:   00 00 00 00 00 00 00 00 5f 5f 54 45 58 54 00 00
0x0000000114da6080:   00 00 00 00 00 00 00 00 80 19 00 00 00 00 00 00
0x0000000114da6090:   dc 7d 01 00 00 00 00 00 80 19 00 00 04 00 00 00
0x0000000114da60a0:   00 00 00 00 00 00 00 00 00 04 00 80 00 00 00 00
0x0000000114da60b0:   00 00 00 00 00 00 00 00 5f 5f 73 74 75 62 73 00
0x0000000114da60c0:   00 00 00 00 00 00 00 00 5f 5f 54 45 58 54 00 00
0x0000000114da60d0:   00 00 00 00 00 00 00 00 5c 97 01 00 00 00 00 00
0x0000000114da60e0:   ec 04 00 00 00 00 00 00 5c 97 01 00 00 00 00 00
0x0000000114da60f0:   00 00 00 00 00 00 00 00 08 04 00 80 00 00 00 00 



---------------  P R O C E S S  ---------------

VM state: not at safepoint (normal execution)

VM Mutex/Monitor currently owned by a thread: None

Heap address: 0x00000007e0000000, size: 512 MB, Compressed Oops mode: Zero based, Oop shift amount: 3

CDS archive(s) mapped at: [0x000000012c000000-0x000000012cbe0000-0x000000012cbe0000), size 12451840, SharedBaseAddress: 0x000000012c000000, ArchiveRelocationMode: 1.
Compressed class space mapped at: 0x000000012d000000-0x0000000141000000, reserved size: 335544320
Narrow klass base: 0x000000012c000000, Narrow klass shift: 0, Narrow klass range: 0x100000000

GC Precious Log:
<Skipped>

Heap:
 garbage-first heap   total 262144K, used 79367K [0x00000007e0000000, 0x0000000800000000)
  region size 1024K, 48 young (49152K), 10 survivors (10240K)
 Metaspace       used 51851K, committed 52352K, reserved 393216K
  class space    used 7626K, committed 7872K, reserved 327680K

Heap Regions: E=young(eden), S=young(survivor), O=old, HS=humongous(starts), HC=humongous(continues), CS=collection set, F=free, OA=open archive, CA=closed archive, TAMS=top-at-mark-start (previous, next)
|   0|0x00000007e0000000, 0x00000007e0100000, 0x00000007e0100000|100%|HS|  |TAMS 0x00000007e0100000, 0x00000007e0000000| Complete 
|   1|0x00000007e0100000, 0x00000007e0200000, 0x00000007e0200000|100%|HC|  |TAMS 0x00000007e0200000, 0x00000007e0100000| Complete 
|   2|0x00000007e0200000, 0x00000007e0300000, 0x00000007e0300000|100%|HC|  |TAMS 0x00000007e0300000, 0x00000007e0200000| Complete 
|   3|0x00000007e0300000, 0x00000007e0400000, 0x00000007e0400000|100%|HC|  |TAMS 0x00000007e0400000, 0x00000007e0300000| Complete 
|   4|0x00000007e0400000, 0x00000007e0500000, 0x00000007e0500000|100%| O|  |TAMS 0x00000007e0500000, 0x00000007e0400000| Untracked 
|   5|0x00000007e0500000, 0x00000007e0600000, 0x00000007e0600000|100%| O|  |TAMS 0x00000007e0600000, 0x00000007e0500000| Untracked 
|   6|0x00000007e0600000, 0x00000007e0700000, 0x00000007e0700000|100%| O|  |TAMS 0x00000007e0700000, 0x00000007e0600000| Untracked 
|   7|0x00000007e0700000, 0x00000007e0800000, 0x00000007e0800000|100%|HS|  |TAMS 0x00000007e0800000, 0x00000007e0700000| Complete 
|   8|0x00000007e0800000, 0x00000007e0900000, 0x00000007e0900000|100%| O|  |TAMS 0x00000007e0900000, 0x00000007e0800000| Untracked 
|   9|0x00000007e0900000, 0x00000007e0a00000, 0x00000007e0a00000|100%| O|  |TAMS 0x00000007e0a00000, 0x00000007e0900000| Untracked 
|  10|0x00000007e0a00000, 0x00000007e0b00000, 0x00000007e0b00000|100%| O|  |TAMS 0x00000007e0b00000, 0x00000007e0a00000| Untracked 
|  11|0x00000007e0b00000, 0x00000007e0c00000, 0x00000007e0c00000|100%| O|  |TAMS 0x00000007e0c00000, 0x00000007e0b00000| Untracked 
|  12|0x00000007e0c00000, 0x00000007e0c00000, 0x00000007e0d00000|  0%| F|  |TAMS 0x00000007e0c00000, 0x00000007e0c00000| Untracked 
|  13|0x00000007e0d00000, 0x00000007e0e00000, 0x00000007e0e00000|100%| O|  |TAMS 0x00000007e0e00000, 0x00000007e0d00000| Untracked 
|  14|0x00000007e0e00000, 0x00000007e0f00000, 0x00000007e0f00000|100%| O|  |TAMS 0x00000007e0f00000, 0x00000007e0e00000| Untracked 
|  15|0x00000007e0f00000, 0x00000007e1000000, 0x00000007e1000000|100%| O|  |TAMS 0x00000007e1000000, 0x00000007e0f00000| Untracked 
|  16|0x00000007e1000000, 0x00000007e1100000, 0x00000007e1100000|100%| O|  |TAMS 0x00000007e1100000, 0x00000007e1000000| Untracked 
|  17|0x00000007e1100000, 0x00000007e1200000, 0x00000007e1200000|100%| O|  |TAMS 0x00000007e1200000, 0x00000007e1100000| Untracked 
|  18|0x00000007e1200000, 0x00000007e1300000, 0x00000007e1300000|100%| O|  |TAMS 0x00000007e1300000, 0x00000007e1200000| Untracked 
|  19|0x00000007e1300000, 0x00000007e1400000, 0x00000007e1400000|100%| O|  |TAMS 0x00000007e1400000, 0x00000007e1300000| Untracked 
|  20|0x00000007e1400000, 0x00000007e1500000, 0x00000007e1500000|100%| O|  |TAMS 0x00000007e1500000, 0x00000007e1400000| Untracked 
|  21|0x00000007e1500000, 0x00000007e1600000, 0x00000007e1600000|100%| O|  |TAMS 0x00000007e1600000, 0x00000007e1500000| Untracked 
|  22|0x00000007e1600000, 0x00000007e1700000, 0x00000007e1700000|100%| O|  |TAMS 0x00000007e1700000, 0x00000007e1600000| Untracked 
|  23|0x00000007e1700000, 0x00000007e1800000, 0x00000007e1800000|100%| O|  |TAMS 0x00000007e1800000, 0x00000007e1700000| Untracked 
|  24|0x00000007e1800000, 0x00000007e1900000, 0x00000007e1900000|100%| O|  |TAMS 0x00000007e1900000, 0x00000007e1800000| Untracked 
|  25|0x00000007e1900000, 0x00000007e1a00000, 0x00000007e1a00000|100%| O|  |TAMS 0x00000007e1a00000, 0x00000007e1900000| Untracked 
|  26|0x00000007e1a00000, 0x00000007e1b00000, 0x00000007e1b00000|100%| O|  |TAMS 0x00000007e1b00000, 0x00000007e1a00000| Untracked 
|  27|0x00000007e1b00000, 0x00000007e1c00000, 0x00000007e1c00000|100%| O|  |TAMS 0x00000007e1c00000, 0x00000007e1b00000| Untracked 
|  28|0x00000007e1c00000, 0x00000007e1d00000, 0x00000007e1d00000|100%| O|  |TAMS 0x00000007e1d00000, 0x00000007e1c00000| Untracked 
|  29|0x00000007e1d00000, 0x00000007e1e00000, 0x00000007e1e00000|100%| O|  |TAMS 0x00000007e1e00000, 0x00000007e1d00000| Untracked 
|  30|0x00000007e1e00000, 0x00000007e1ee5400, 0x00000007e1f00000| 89%| O|  |TAMS 0x00000007e1ee5400, 0x00000007e1e00000| Untracked 
|  31|0x00000007e1f00000, 0x00000007e1f00000, 0x00000007e2000000|  0%| F|  |TAMS 0x00000007e1f00000, 0x00000007e1f00000| Untracked 
|  32|0x00000007e2000000, 0x00000007e2000000, 0x00000007e2100000|  0%| F|  |TAMS 0x00000007e2000000, 0x00000007e2000000| Untracked 
|  33|0x00000007e2100000, 0x00000007e2100000, 0x00000007e2200000|  0%| F|  |TAMS 0x00000007e2100000, 0x00000007e2100000| Untracked 
|  34|0x00000007e2200000, 0x00000007e2200000, 0x00000007e2300000|  0%| F|  |TAMS 0x00000007e2200000, 0x00000007e2200000| Untracked 
|  35|0x00000007e2300000, 0x00000007e2300000, 0x00000007e2400000|  0%| F|  |TAMS 0x00000007e2300000, 0x00000007e2300000| Untracked 
|  36|0x00000007e2400000, 0x00000007e2400000, 0x00000007e2500000|  0%| F|  |TAMS 0x00000007e2400000, 0x00000007e2400000| Untracked 
|  37|0x00000007e2500000, 0x00000007e2500000, 0x00000007e2600000|  0%| F|  |TAMS 0x00000007e2500000, 0x00000007e2500000| Untracked 
|  38|0x00000007e2600000, 0x00000007e2600000, 0x00000007e2700000|  0%| F|  |TAMS 0x00000007e2600000, 0x00000007e2600000| Untracked 
|  39|0x00000007e2700000, 0x00000007e2700000, 0x00000007e2800000|  0%| F|  |TAMS 0x00000007e2700000, 0x00000007e2700000| Untracked 
|  40|0x00000007e2800000, 0x00000007e2800000, 0x00000007e2900000|  0%| F|  |TAMS 0x00000007e2800000, 0x00000007e2800000| Untracked 
|  41|0x00000007e2900000, 0x00000007e2900000, 0x00000007e2a00000|  0%| F|  |TAMS 0x00000007e2900000, 0x00000007e2900000| Untracked 
|  42|0x00000007e2a00000, 0x00000007e2a00000, 0x00000007e2b00000|  0%| F|  |TAMS 0x00000007e2a00000, 0x00000007e2a00000| Untracked 
|  43|0x00000007e2b00000, 0x00000007e2b00000, 0x00000007e2c00000|  0%| F|  |TAMS 0x00000007e2b00000, 0x00000007e2b00000| Untracked 
|  44|0x00000007e2c00000, 0x00000007e2c00000, 0x00000007e2d00000|  0%| F|  |TAMS 0x00000007e2c00000, 0x00000007e2c00000| Untracked 
|  45|0x00000007e2d00000, 0x00000007e2d00000, 0x00000007e2e00000|  0%| F|  |TAMS 0x00000007e2d00000, 0x00000007e2d00000| Untracked 
|  46|0x00000007e2e00000, 0x00000007e2e00000, 0x00000007e2f00000|  0%| F|  |TAMS 0x00000007e2e00000, 0x00000007e2e00000| Untracked 
|  47|0x00000007e2f00000, 0x00000007e2f00000, 0x00000007e3000000|  0%| F|  |TAMS 0x00000007e2f00000, 0x00000007e2f00000| Untracked 
|  48|0x00000007e3000000, 0x00000007e3000000, 0x00000007e3100000|  0%| F|  |TAMS 0x00000007e3000000, 0x00000007e3000000| Untracked 
|  49|0x00000007e3100000, 0x00000007e3100000, 0x00000007e3200000|  0%| F|  |TAMS 0x00000007e3100000, 0x00000007e3100000| Untracked 
|  50|0x00000007e3200000, 0x00000007e3200000, 0x00000007e3300000|  0%| F|  |TAMS 0x00000007e3200000, 0x00000007e3200000| Untracked 
|  51|0x00000007e3300000, 0x00000007e3300000, 0x00000007e3400000|  0%| F|  |TAMS 0x00000007e3300000, 0x00000007e3300000| Untracked 
|  52|0x00000007e3400000, 0x00000007e3400000, 0x00000007e3500000|  0%| F|  |TAMS 0x00000007e3400000, 0x00000007e3400000| Untracked 
|  53|0x00000007e3500000, 0x00000007e3500000, 0x00000007e3600000|  0%| F|  |TAMS 0x00000007e3500000, 0x00000007e3500000| Untracked 
|  54|0x00000007e3600000, 0x00000007e3600000, 0x00000007e3700000|  0%| F|  |TAMS 0x00000007e3600000, 0x00000007e3600000| Untracked 
|  55|0x00000007e3700000, 0x00000007e3700000, 0x00000007e3800000|  0%| F|  |TAMS 0x00000007e3700000, 0x00000007e3700000| Untracked 
|  56|0x00000007e3800000, 0x00000007e3800000, 0x00000007e3900000|  0%| F|  |TAMS 0x00000007e3800000, 0x00000007e3800000| Untracked 
|  57|0x00000007e3900000, 0x00000007e3900000, 0x00000007e3a00000|  0%| F|  |TAMS 0x00000007e3900000, 0x00000007e3900000| Untracked 
|  58|0x00000007e3a00000, 0x00000007e3a00000, 0x00000007e3b00000|  0%| F|  |TAMS 0x00000007e3a00000, 0x00000007e3a00000| Untracked 
|  59|0x00000007e3b00000, 0x00000007e3b00000, 0x00000007e3c00000|  0%| F|  |TAMS 0x00000007e3b00000, 0x00000007e3b00000| Untracked 
|  60|0x00000007e3c00000, 0x00000007e3c00000, 0x00000007e3d00000|  0%| F|  |TAMS 0x00000007e3c00000, 0x00000007e3c00000| Untracked 
|  61|0x00000007e3d00000, 0x00000007e3d00000, 0x00000007e3e00000|  0%| F|  |TAMS 0x00000007e3d00000, 0x00000007e3d00000| Untracked 
|  62|0x00000007e3e00000, 0x00000007e3e00000, 0x00000007e3f00000|  0%| F|  |TAMS 0x00000007e3e00000, 0x00000007e3e00000| Untracked 
|  63|0x00000007e3f00000, 0x00000007e3f00000, 0x00000007e4000000|  0%| F|  |TAMS 0x00000007e3f00000, 0x00000007e3f00000| Untracked 
|  64|0x00000007e4000000, 0x00000007e4000000, 0x00000007e4100000|  0%| F|  |TAMS 0x00000007e4000000, 0x00000007e4000000| Untracked 
|  65|0x00000007e4100000, 0x00000007e4100000, 0x00000007e4200000|  0%| F|  |TAMS 0x00000007e4100000, 0x00000007e4100000| Untracked 
|  66|0x00000007e4200000, 0x00000007e4200000, 0x00000007e4300000|  0%| F|  |TAMS 0x00000007e4200000, 0x00000007e4200000| Untracked 
|  67|0x00000007e4300000, 0x00000007e4300000, 0x00000007e4400000|  0%| F|  |TAMS 0x00000007e4300000, 0x00000007e4300000| Untracked 
|  68|0x00000007e4400000, 0x00000007e4400000, 0x00000007e4500000|  0%| F|  |TAMS 0x00000007e4400000, 0x00000007e4400000| Untracked 
|  69|0x00000007e4500000, 0x00000007e4500000, 0x00000007e4600000|  0%| F|  |TAMS 0x00000007e4500000, 0x00000007e4500000| Untracked 
|  70|0x00000007e4600000, 0x00000007e4600000, 0x00000007e4700000|  0%| F|  |TAMS 0x00000007e4600000, 0x00000007e4600000| Untracked 
|  71|0x00000007e4700000, 0x00000007e4700000, 0x00000007e4800000|  0%| F|  |TAMS 0x00000007e4700000, 0x00000007e4700000| Untracked 
|  72|0x00000007e4800000, 0x00000007e4800000, 0x00000007e4900000|  0%| F|  |TAMS 0x00000007e4800000, 0x00000007e4800000| Untracked 
|  73|0x00000007e4900000, 0x00000007e4900000, 0x00000007e4a00000|  0%| F|  |TAMS 0x00000007e4900000, 0x00000007e4900000| Untracked 
|  74|0x00000007e4a00000, 0x00000007e4a00000, 0x00000007e4b00000|  0%| F|  |TAMS 0x00000007e4a00000, 0x00000007e4a00000| Untracked 
|  75|0x00000007e4b00000, 0x00000007e4b00000, 0x00000007e4c00000|  0%| F|  |TAMS 0x00000007e4b00000, 0x00000007e4b00000| Untracked 
|  76|0x00000007e4c00000, 0x00000007e4c00000, 0x00000007e4d00000|  0%| F|  |TAMS 0x00000007e4c00000, 0x00000007e4c00000| Untracked 
|  77|0x00000007e4d00000, 0x00000007e4d00000, 0x00000007e4e00000|  0%| F|  |TAMS 0x00000007e4d00000, 0x00000007e4d00000| Untracked 
|  78|0x00000007e4e00000, 0x00000007e4e00000, 0x00000007e4f00000|  0%| F|  |TAMS 0x00000007e4e00000, 0x00000007e4e00000| Untracked 
|  79|0x00000007e4f00000, 0x00000007e4f00000, 0x00000007e5000000|  0%| F|  |TAMS 0x00000007e4f00000, 0x00000007e4f00000| Untracked 
|  80|0x00000007e5000000, 0x00000007e5000000, 0x00000007e5100000|  0%| F|  |TAMS 0x00000007e5000000, 0x00000007e5000000| Untracked 
|  81|0x00000007e5100000, 0x00000007e5100000, 0x00000007e5200000|  0%| F|  |TAMS 0x00000007e5100000, 0x00000007e5100000| Untracked 
|  82|0x00000007e5200000, 0x00000007e5200000, 0x00000007e5300000|  0%| F|  |TAMS 0x00000007e5200000, 0x00000007e5200000| Untracked 
|  83|0x00000007e5300000, 0x00000007e5300000, 0x00000007e5400000|  0%| F|  |TAMS 0x00000007e5300000, 0x00000007e5300000| Untracked 
|  84|0x00000007e5400000, 0x00000007e5400000, 0x00000007e5500000|  0%| F|  |TAMS 0x00000007e5400000, 0x00000007e5400000| Untracked 
|  85|0x00000007e5500000, 0x00000007e5500000, 0x00000007e5600000|  0%| F|  |TAMS 0x00000007e5500000, 0x00000007e5500000| Untracked 
|  86|0x00000007e5600000, 0x00000007e5600000, 0x00000007e5700000|  0%| F|  |TAMS 0x00000007e5600000, 0x00000007e5600000| Untracked 
|  87|0x00000007e5700000, 0x00000007e5700000, 0x00000007e5800000|  0%| F|  |TAMS 0x00000007e5700000, 0x00000007e5700000| Untracked 
|  88|0x00000007e5800000, 0x00000007e5800000, 0x00000007e5900000|  0%| F|  |TAMS 0x00000007e5800000, 0x00000007e5800000| Untracked 
|  89|0x00000007e5900000, 0x00000007e5900000, 0x00000007e5a00000|  0%| F|  |TAMS 0x00000007e5900000, 0x00000007e5900000| Untracked 
|  90|0x00000007e5a00000, 0x00000007e5a00000, 0x00000007e5b00000|  0%| F|  |TAMS 0x00000007e5a00000, 0x00000007e5a00000| Untracked 
|  91|0x00000007e5b00000, 0x00000007e5b63780, 0x00000007e5c00000| 38%| S|CS|TAMS 0x00000007e5b00000, 0x00000007e5b00000| Complete 
|  92|0x00000007e5c00000, 0x00000007e5d00000, 0x00000007e5d00000|100%| S|CS|TAMS 0x00000007e5c00000, 0x00000007e5c00000| Complete 
|  93|0x00000007e5d00000, 0x00000007e5e00000, 0x00000007e5e00000|100%| S|CS|TAMS 0x00000007e5d00000, 0x00000007e5d00000| Complete 
|  94|0x00000007e5e00000, 0x00000007e5f00000, 0x00000007e5f00000|100%| S|CS|TAMS 0x00000007e5e00000, 0x00000007e5e00000| Complete 
|  95|0x00000007e5f00000, 0x00000007e6000000, 0x00000007e6000000|100%| S|CS|TAMS 0x00000007e5f00000, 0x00000007e5f00000| Complete 
|  96|0x00000007e6000000, 0x00000007e6100000, 0x00000007e6100000|100%| S|CS|TAMS 0x00000007e6000000, 0x00000007e6000000| Complete 
|  97|0x00000007e6100000, 0x00000007e6200000, 0x00000007e6200000|100%| S|CS|TAMS 0x00000007e6100000, 0x00000007e6100000| Complete 
|  98|0x00000007e6200000, 0x00000007e6300000, 0x00000007e6300000|100%| S|CS|TAMS 0x00000007e6200000, 0x00000007e6200000| Complete 
|  99|0x00000007e6300000, 0x00000007e6400000, 0x00000007e6400000|100%| S|CS|TAMS 0x00000007e6300000, 0x00000007e6300000| Complete 
| 100|0x00000007e6400000, 0x00000007e6500000, 0x00000007e6500000|100%| S|CS|TAMS 0x00000007e6400000, 0x00000007e6400000| Complete 
| 101|0x00000007e6500000, 0x00000007e6500000, 0x00000007e6600000|  0%| F|  |TAMS 0x00000007e6500000, 0x00000007e6500000| Untracked 
| 102|0x00000007e6600000, 0x00000007e6600000, 0x00000007e6700000|  0%| F|  |TAMS 0x00000007e6600000, 0x00000007e6600000| Untracked 
| 103|0x00000007e6700000, 0x00000007e6700000, 0x00000007e6800000|  0%| F|  |TAMS 0x00000007e6700000, 0x00000007e6700000| Untracked 
| 104|0x00000007e6800000, 0x00000007e6800000, 0x00000007e6900000|  0%| F|  |TAMS 0x00000007e6800000, 0x00000007e6800000| Untracked 
| 105|0x00000007e6900000, 0x00000007e6900000, 0x00000007e6a00000|  0%| F|  |TAMS 0x00000007e6900000, 0x00000007e6900000| Untracked 
| 106|0x00000007e6a00000, 0x00000007e6a00000, 0x00000007e6b00000|  0%| F|  |TAMS 0x00000007e6a00000, 0x00000007e6a00000| Untracked 
| 107|0x00000007e6b00000, 0x00000007e6b00000, 0x00000007e6c00000|  0%| F|  |TAMS 0x00000007e6b00000, 0x00000007e6b00000| Untracked 
| 108|0x00000007e6c00000, 0x00000007e6c00000, 0x00000007e6d00000|  0%| F|  |TAMS 0x00000007e6c00000, 0x00000007e6c00000| Untracked 
| 109|0x00000007e6d00000, 0x00000007e6d00000, 0x00000007e6e00000|  0%| F|  |TAMS 0x00000007e6d00000, 0x00000007e6d00000| Untracked 
| 110|0x00000007e6e00000, 0x00000007e6e00000, 0x00000007e6f00000|  0%| F|  |TAMS 0x00000007e6e00000, 0x00000007e6e00000| Untracked 
| 111|0x00000007e6f00000, 0x00000007e6f00000, 0x00000007e7000000|  0%| F|  |TAMS 0x00000007e6f00000, 0x00000007e6f00000| Untracked 
| 112|0x00000007e7000000, 0x00000007e7000000, 0x00000007e7100000|  0%| F|  |TAMS 0x00000007e7000000, 0x00000007e7000000| Untracked 
| 113|0x00000007e7100000, 0x00000007e7100000, 0x00000007e7200000|  0%| F|  |TAMS 0x00000007e7100000, 0x00000007e7100000| Untracked 
| 114|0x00000007e7200000, 0x00000007e7200000, 0x00000007e7300000|  0%| F|  |TAMS 0x00000007e7200000, 0x00000007e7200000| Untracked 
| 115|0x00000007e7300000, 0x00000007e7300000, 0x00000007e7400000|  0%| F|  |TAMS 0x00000007e7300000, 0x00000007e7300000| Untracked 
| 116|0x00000007e7400000, 0x00000007e7400000, 0x00000007e7500000|  0%| F|  |TAMS 0x00000007e7400000, 0x00000007e7400000| Untracked 
| 117|0x00000007e7500000, 0x00000007e7500000, 0x00000007e7600000|  0%| F|  |TAMS 0x00000007e7500000, 0x00000007e7500000| Untracked 
| 118|0x00000007e7600000, 0x00000007e7600000, 0x00000007e7700000|  0%| F|  |TAMS 0x00000007e7600000, 0x00000007e7600000| Untracked 
| 119|0x00000007e7700000, 0x00000007e7700000, 0x00000007e7800000|  0%| F|  |TAMS 0x00000007e7700000, 0x00000007e7700000| Untracked 
| 120|0x00000007e7800000, 0x00000007e7800000, 0x00000007e7900000|  0%| F|  |TAMS 0x00000007e7800000, 0x00000007e7800000| Untracked 
| 121|0x00000007e7900000, 0x00000007e7900000, 0x00000007e7a00000|  0%| F|  |TAMS 0x00000007e7900000, 0x00000007e7900000| Untracked 
| 122|0x00000007e7a00000, 0x00000007e7a00000, 0x00000007e7b00000|  0%| F|  |TAMS 0x00000007e7a00000, 0x00000007e7a00000| Untracked 
| 123|0x00000007e7b00000, 0x00000007e7b00000, 0x00000007e7c00000|  0%| F|  |TAMS 0x00000007e7b00000, 0x00000007e7b00000| Untracked 
| 124|0x00000007e7c00000, 0x00000007e7c00000, 0x00000007e7d00000|  0%| F|  |TAMS 0x00000007e7c00000, 0x00000007e7c00000| Untracked 
| 125|0x00000007e7d00000, 0x00000007e7d00000, 0x00000007e7e00000|  0%| F|  |TAMS 0x00000007e7d00000, 0x00000007e7d00000| Untracked 
| 126|0x00000007e7e00000, 0x00000007e7e00000, 0x00000007e7f00000|  0%| F|  |TAMS 0x00000007e7e00000, 0x00000007e7e00000| Untracked 
| 127|0x00000007e7f00000, 0x00000007e7f00000, 0x00000007e8000000|  0%| F|  |TAMS 0x00000007e7f00000, 0x00000007e7f00000| Untracked 
| 128|0x00000007e8000000, 0x00000007e8000000, 0x00000007e8100000|  0%| F|  |TAMS 0x00000007e8000000, 0x00000007e8000000| Untracked 
| 129|0x00000007e8100000, 0x00000007e8100000, 0x00000007e8200000|  0%| F|  |TAMS 0x00000007e8100000, 0x00000007e8100000| Untracked 
| 130|0x00000007e8200000, 0x00000007e8200000, 0x00000007e8300000|  0%| F|  |TAMS 0x00000007e8200000, 0x00000007e8200000| Untracked 
| 131|0x00000007e8300000, 0x00000007e8300000, 0x00000007e8400000|  0%| F|  |TAMS 0x00000007e8300000, 0x00000007e8300000| Untracked 
| 132|0x00000007e8400000, 0x00000007e8400000, 0x00000007e8500000|  0%| F|  |TAMS 0x00000007e8400000, 0x00000007e8400000| Untracked 
| 133|0x00000007e8500000, 0x00000007e8500000, 0x00000007e8600000|  0%| F|  |TAMS 0x00000007e8500000, 0x00000007e8500000| Untracked 
| 134|0x00000007e8600000, 0x00000007e8600000, 0x00000007e8700000|  0%| F|  |TAMS 0x00000007e8600000, 0x00000007e8600000| Untracked 
| 135|0x00000007e8700000, 0x00000007e8700000, 0x00000007e8800000|  0%| F|  |TAMS 0x00000007e8700000, 0x00000007e8700000| Untracked 
| 136|0x00000007e8800000, 0x00000007e8800000, 0x00000007e8900000|  0%| F|  |TAMS 0x00000007e8800000, 0x00000007e8800000| Untracked 
| 137|0x00000007e8900000, 0x00000007e8900000, 0x00000007e8a00000|  0%| F|  |TAMS 0x00000007e8900000, 0x00000007e8900000| Untracked 
| 138|0x00000007e8a00000, 0x00000007e8a00000, 0x00000007e8b00000|  0%| F|  |TAMS 0x00000007e8a00000, 0x00000007e8a00000| Untracked 
| 139|0x00000007e8b00000, 0x00000007e8b00000, 0x00000007e8c00000|  0%| F|  |TAMS 0x00000007e8b00000, 0x00000007e8b00000| Untracked 
| 140|0x00000007e8c00000, 0x00000007e8c00000, 0x00000007e8d00000|  0%| F|  |TAMS 0x00000007e8c00000, 0x00000007e8c00000| Untracked 
| 141|0x00000007e8d00000, 0x00000007e8d00000, 0x00000007e8e00000|  0%| F|  |TAMS 0x00000007e8d00000, 0x00000007e8d00000| Untracked 
| 142|0x00000007e8e00000, 0x00000007e8e00000, 0x00000007e8f00000|  0%| F|  |TAMS 0x00000007e8e00000, 0x00000007e8e00000| Untracked 
| 143|0x00000007e8f00000, 0x00000007e8f00000, 0x00000007e9000000|  0%| F|  |TAMS 0x00000007e8f00000, 0x00000007e8f00000| Untracked 
| 144|0x00000007e9000000, 0x00000007e9000000, 0x00000007e9100000|  0%| F|  |TAMS 0x00000007e9000000, 0x00000007e9000000| Untracked 
| 145|0x00000007e9100000, 0x00000007e9100000, 0x00000007e9200000|  0%| F|  |TAMS 0x00000007e9100000, 0x00000007e9100000| Untracked 
| 146|0x00000007e9200000, 0x00000007e9200000, 0x00000007e9300000|  0%| F|  |TAMS 0x00000007e9200000, 0x00000007e9200000| Untracked 
| 147|0x00000007e9300000, 0x00000007e9300000, 0x00000007e9400000|  0%| F|  |TAMS 0x00000007e9300000, 0x00000007e9300000| Untracked 
| 148|0x00000007e9400000, 0x00000007e9400000, 0x00000007e9500000|  0%| F|  |TAMS 0x00000007e9400000, 0x00000007e9400000| Untracked 
| 149|0x00000007e9500000, 0x00000007e9500000, 0x00000007e9600000|  0%| F|  |TAMS 0x00000007e9500000, 0x00000007e9500000| Untracked 
| 150|0x00000007e9600000, 0x00000007e9600000, 0x00000007e9700000|  0%| F|  |TAMS 0x00000007e9600000, 0x00000007e9600000| Untracked 
| 151|0x00000007e9700000, 0x00000007e9700000, 0x00000007e9800000|  0%| F|  |TAMS 0x00000007e9700000, 0x00000007e9700000| Untracked 
| 152|0x00000007e9800000, 0x00000007e9800000, 0x00000007e9900000|  0%| F|  |TAMS 0x00000007e9800000, 0x00000007e9800000| Untracked 
| 153|0x00000007e9900000, 0x00000007e9900000, 0x00000007e9a00000|  0%| F|  |TAMS 0x00000007e9900000, 0x00000007e9900000| Untracked 
| 154|0x00000007e9a00000, 0x00000007e9a00000, 0x00000007e9b00000|  0%| F|  |TAMS 0x00000007e9a00000, 0x00000007e9a00000| Untracked 
| 155|0x00000007e9b00000, 0x00000007e9b00000, 0x00000007e9c00000|  0%| F|  |TAMS 0x00000007e9b00000, 0x00000007e9b00000| Untracked 
| 156|0x00000007e9c00000, 0x00000007e9c00000, 0x00000007e9d00000|  0%| F|  |TAMS 0x00000007e9c00000, 0x00000007e9c00000| Untracked 
| 157|0x00000007e9d00000, 0x00000007e9d00000, 0x00000007e9e00000|  0%| F|  |TAMS 0x00000007e9d00000, 0x00000007e9d00000| Untracked 
| 158|0x00000007e9e00000, 0x00000007e9e00000, 0x00000007e9f00000|  0%| F|  |TAMS 0x00000007e9e00000, 0x00000007e9e00000| Untracked 
| 159|0x00000007e9f00000, 0x00000007e9f00000, 0x00000007ea000000|  0%| F|  |TAMS 0x00000007e9f00000, 0x00000007e9f00000| Untracked 
| 160|0x00000007ea000000, 0x00000007ea000000, 0x00000007ea100000|  0%| F|  |TAMS 0x00000007ea000000, 0x00000007ea000000| Untracked 
| 161|0x00000007ea100000, 0x00000007ea100000, 0x00000007ea200000|  0%| F|  |TAMS 0x00000007ea100000, 0x00000007ea100000| Untracked 
| 162|0x00000007ea200000, 0x00000007ea200000, 0x00000007ea300000|  0%| F|  |TAMS 0x00000007ea200000, 0x00000007ea200000| Untracked 
| 163|0x00000007ea300000, 0x00000007ea300000, 0x00000007ea400000|  0%| F|  |TAMS 0x00000007ea300000, 0x00000007ea300000| Untracked 
| 164|0x00000007ea400000, 0x00000007ea400000, 0x00000007ea500000|  0%| F|  |TAMS 0x00000007ea400000, 0x00000007ea400000| Untracked 
| 165|0x00000007ea500000, 0x00000007ea500000, 0x00000007ea600000|  0%| F|  |TAMS 0x00000007ea500000, 0x00000007ea500000| Untracked 
| 166|0x00000007ea600000, 0x00000007ea600000, 0x00000007ea700000|  0%| F|  |TAMS 0x00000007ea600000, 0x00000007ea600000| Untracked 
| 167|0x00000007ea700000, 0x00000007ea700000, 0x00000007ea800000|  0%| F|  |TAMS 0x00000007ea700000, 0x00000007ea700000| Untracked 
| 168|0x00000007ea800000, 0x00000007ea800000, 0x00000007ea900000|  0%| F|  |TAMS 0x00000007ea800000, 0x00000007ea800000| Untracked 
| 169|0x00000007ea900000, 0x00000007ea900000, 0x00000007eaa00000|  0%| F|  |TAMS 0x00000007ea900000, 0x00000007ea900000| Untracked 
| 170|0x00000007eaa00000, 0x00000007eaa00000, 0x00000007eab00000|  0%| F|  |TAMS 0x00000007eaa00000, 0x00000007eaa00000| Untracked 
| 171|0x00000007eab00000, 0x00000007eab00000, 0x00000007eac00000|  0%| F|  |TAMS 0x00000007eab00000, 0x00000007eab00000| Untracked 
| 172|0x00000007eac00000, 0x00000007eac00000, 0x00000007ead00000|  0%| F|  |TAMS 0x00000007eac00000, 0x00000007eac00000| Untracked 
| 173|0x00000007ead00000, 0x00000007ead00000, 0x00000007eae00000|  0%| F|  |TAMS 0x00000007ead00000, 0x00000007ead00000| Untracked 
| 174|0x00000007eae00000, 0x00000007eae00000, 0x00000007eaf00000|  0%| F|  |TAMS 0x00000007eae00000, 0x00000007eae00000| Untracked 
| 175|0x00000007eaf00000, 0x00000007eaf00000, 0x00000007eb000000|  0%| F|  |TAMS 0x00000007eaf00000, 0x00000007eaf00000| Untracked 
| 176|0x00000007eb000000, 0x00000007eb000000, 0x00000007eb100000|  0%| F|  |TAMS 0x00000007eb000000, 0x00000007eb000000| Untracked 
| 177|0x00000007eb100000, 0x00000007eb100000, 0x00000007eb200000|  0%| F|  |TAMS 0x00000007eb100000, 0x00000007eb100000| Untracked 
| 178|0x00000007eb200000, 0x00000007eb200000, 0x00000007eb300000|  0%| F|  |TAMS 0x00000007eb200000, 0x00000007eb200000| Untracked 
| 179|0x00000007eb300000, 0x00000007eb300000, 0x00000007eb400000|  0%| F|  |TAMS 0x00000007eb300000, 0x00000007eb300000| Untracked 
| 180|0x00000007eb400000, 0x00000007eb400000, 0x00000007eb500000|  0%| F|  |TAMS 0x00000007eb400000, 0x00000007eb400000| Untracked 
| 181|0x00000007eb500000, 0x00000007eb500000, 0x00000007eb600000|  0%| F|  |TAMS 0x00000007eb500000, 0x00000007eb500000| Untracked 
| 182|0x00000007eb600000, 0x00000007eb600000, 0x00000007eb700000|  0%| F|  |TAMS 0x00000007eb600000, 0x00000007eb600000| Untracked 
| 183|0x00000007eb700000, 0x00000007eb700000, 0x00000007eb800000|  0%| F|  |TAMS 0x00000007eb700000, 0x00000007eb700000| Untracked 
| 184|0x00000007eb800000, 0x00000007eb800000, 0x00000007eb900000|  0%| F|  |TAMS 0x00000007eb800000, 0x00000007eb800000| Untracked 
| 185|0x00000007eb900000, 0x00000007eb900000, 0x00000007eba00000|  0%| F|  |TAMS 0x00000007eb900000, 0x00000007eb900000| Untracked 
| 186|0x00000007eba00000, 0x00000007eba00000, 0x00000007ebb00000|  0%| F|  |TAMS 0x00000007eba00000, 0x00000007eba00000| Untracked 
| 187|0x00000007ebb00000, 0x00000007ebb00000, 0x00000007ebc00000|  0%| F|  |TAMS 0x00000007ebb00000, 0x00000007ebb00000| Untracked 
| 188|0x00000007ebc00000, 0x00000007ebc00000, 0x00000007ebd00000|  0%| F|  |TAMS 0x00000007ebc00000, 0x00000007ebc00000| Untracked 
| 189|0x00000007ebd00000, 0x00000007ebd00000, 0x00000007ebe00000|  0%| F|  |TAMS 0x00000007ebd00000, 0x00000007ebd00000| Untracked 
| 190|0x00000007ebe00000, 0x00000007ebe00000, 0x00000007ebf00000|  0%| F|  |TAMS 0x00000007ebe00000, 0x00000007ebe00000| Untracked 
| 191|0x00000007ebf00000, 0x00000007ebf00000, 0x00000007ec000000|  0%| F|  |TAMS 0x00000007ebf00000, 0x00000007ebf00000| Untracked 
| 192|0x00000007ec000000, 0x00000007ec000000, 0x00000007ec100000|  0%| F|  |TAMS 0x00000007ec000000, 0x00000007ec000000| Untracked 
| 193|0x00000007ec100000, 0x00000007ec100000, 0x00000007ec200000|  0%| F|  |TAMS 0x00000007ec100000, 0x00000007ec100000| Untracked 
| 194|0x00000007ec200000, 0x00000007ec200000, 0x00000007ec300000|  0%| F|  |TAMS 0x00000007ec200000, 0x00000007ec200000| Untracked 
| 195|0x00000007ec300000, 0x00000007ec300000, 0x00000007ec400000|  0%| F|  |TAMS 0x00000007ec300000, 0x00000007ec300000| Untracked 
| 196|0x00000007ec400000, 0x00000007ec400000, 0x00000007ec500000|  0%| F|  |TAMS 0x00000007ec400000, 0x00000007ec400000| Untracked 
| 197|0x00000007ec500000, 0x00000007ec500000, 0x00000007ec600000|  0%| F|  |TAMS 0x00000007ec500000, 0x00000007ec500000| Untracked 
| 198|0x00000007ec600000, 0x00000007ec600000, 0x00000007ec700000|  0%| F|  |TAMS 0x00000007ec600000, 0x00000007ec600000| Untracked 
| 199|0x00000007ec700000, 0x00000007ec700000, 0x00000007ec800000|  0%| F|  |TAMS 0x00000007ec700000, 0x00000007ec700000| Untracked 
| 200|0x00000007ec800000, 0x00000007ec800000, 0x00000007ec900000|  0%| F|  |TAMS 0x00000007ec800000, 0x00000007ec800000| Untracked 
| 201|0x00000007ec900000, 0x00000007ec900000, 0x00000007eca00000|  0%| F|  |TAMS 0x00000007ec900000, 0x00000007ec900000| Untracked 
| 202|0x00000007eca00000, 0x00000007eca00000, 0x00000007ecb00000|  0%| F|  |TAMS 0x00000007eca00000, 0x00000007eca00000| Untracked 
| 203|0x00000007ecb00000, 0x00000007ecb00000, 0x00000007ecc00000|  0%| F|  |TAMS 0x00000007ecb00000, 0x00000007ecb00000| Untracked 
| 204|0x00000007ecc00000, 0x00000007ecc00000, 0x00000007ecd00000|  0%| F|  |TAMS 0x00000007ecc00000, 0x00000007ecc00000| Untracked 
| 205|0x00000007ecd00000, 0x00000007ecd00000, 0x00000007ece00000|  0%| F|  |TAMS 0x00000007ecd00000, 0x00000007ecd00000| Untracked 
| 206|0x00000007ece00000, 0x00000007ece00000, 0x00000007ecf00000|  0%| F|  |TAMS 0x00000007ece00000, 0x00000007ece00000| Untracked 
| 207|0x00000007ecf00000, 0x00000007ecf00000, 0x00000007ed000000|  0%| F|  |TAMS 0x00000007ecf00000, 0x00000007ecf00000| Untracked 
| 208|0x00000007ed000000, 0x00000007ed000000, 0x00000007ed100000|  0%| F|  |TAMS 0x00000007ed000000, 0x00000007ed000000| Untracked 
| 209|0x00000007ed100000, 0x00000007ed100000, 0x00000007ed200000|  0%| F|  |TAMS 0x00000007ed100000, 0x00000007ed100000| Untracked 
| 210|0x00000007ed200000, 0x00000007ed200000, 0x00000007ed300000|  0%| F|  |TAMS 0x00000007ed200000, 0x00000007ed200000| Untracked 
| 211|0x00000007ed300000, 0x00000007ed300000, 0x00000007ed400000|  0%| F|  |TAMS 0x00000007ed300000, 0x00000007ed300000| Untracked 
| 212|0x00000007ed400000, 0x00000007ed400000, 0x00000007ed500000|  0%| F|  |TAMS 0x00000007ed400000, 0x00000007ed400000| Untracked 
| 213|0x00000007ed500000, 0x00000007ed500000, 0x00000007ed600000|  0%| F|  |TAMS 0x00000007ed500000, 0x00000007ed500000| Untracked 
| 214|0x00000007ed600000, 0x00000007ed600000, 0x00000007ed700000|  0%| F|  |TAMS 0x00000007ed600000, 0x00000007ed600000| Untracked 
| 215|0x00000007ed700000, 0x00000007ed700000, 0x00000007ed800000|  0%| F|  |TAMS 0x00000007ed700000, 0x00000007ed700000| Untracked 
| 216|0x00000007ed800000, 0x00000007ed885aa8, 0x00000007ed900000| 52%| E|  |TAMS 0x00000007ed800000, 0x00000007ed800000| Complete 
| 217|0x00000007ed900000, 0x00000007eda00000, 0x00000007eda00000|100%| E|CS|TAMS 0x00000007ed900000, 0x00000007ed900000| Complete 
| 218|0x00000007eda00000, 0x00000007edb00000, 0x00000007edb00000|100%| E|CS|TAMS 0x00000007eda00000, 0x00000007eda00000| Complete 
| 219|0x00000007edb00000, 0x00000007edc00000, 0x00000007edc00000|100%| E|CS|TAMS 0x00000007edb00000, 0x00000007edb00000| Complete 
| 220|0x00000007edc00000, 0x00000007edd00000, 0x00000007edd00000|100%| E|CS|TAMS 0x00000007edc00000, 0x00000007edc00000| Complete 
| 221|0x00000007edd00000, 0x00000007ede00000, 0x00000007ede00000|100%| E|CS|TAMS 0x00000007edd00000, 0x00000007edd00000| Complete 
| 222|0x00000007ede00000, 0x00000007edf00000, 0x00000007edf00000|100%| E|CS|TAMS 0x00000007ede00000, 0x00000007ede00000| Complete 
| 223|0x00000007edf00000, 0x00000007ee000000, 0x00000007ee000000|100%| E|CS|TAMS 0x00000007edf00000, 0x00000007edf00000| Complete 
| 224|0x00000007ee000000, 0x00000007ee100000, 0x00000007ee100000|100%| E|CS|TAMS 0x00000007ee000000, 0x00000007ee000000| Complete 
| 225|0x00000007ee100000, 0x00000007ee200000, 0x00000007ee200000|100%| E|CS|TAMS 0x00000007ee100000, 0x00000007ee100000| Complete 
| 226|0x00000007ee200000, 0x00000007ee300000, 0x00000007ee300000|100%| E|CS|TAMS 0x00000007ee200000, 0x00000007ee200000| Complete 
| 227|0x00000007ee300000, 0x00000007ee400000, 0x00000007ee400000|100%| E|CS|TAMS 0x00000007ee300000, 0x00000007ee300000| Complete 
| 228|0x00000007ee400000, 0x00000007ee500000, 0x00000007ee500000|100%| E|CS|TAMS 0x00000007ee400000, 0x00000007ee400000| Complete 
| 229|0x00000007ee500000, 0x00000007ee600000, 0x00000007ee600000|100%| E|CS|TAMS 0x00000007ee500000, 0x00000007ee500000| Complete 
| 230|0x00000007ee600000, 0x00000007ee700000, 0x00000007ee700000|100%| E|CS|TAMS 0x00000007ee600000, 0x00000007ee600000| Complete 
| 231|0x00000007ee700000, 0x00000007ee800000, 0x00000007ee800000|100%| E|CS|TAMS 0x00000007ee700000, 0x00000007ee700000| Complete 
| 232|0x00000007ee800000, 0x00000007ee900000, 0x00000007ee900000|100%| E|CS|TAMS 0x00000007ee800000, 0x00000007ee800000| Complete 
| 233|0x00000007ee900000, 0x00000007eea00000, 0x00000007eea00000|100%| E|CS|TAMS 0x00000007ee900000, 0x00000007ee900000| Complete 
| 234|0x00000007eea00000, 0x00000007eeb00000, 0x00000007eeb00000|100%| E|CS|TAMS 0x00000007eea00000, 0x00000007eea00000| Complete 
| 235|0x00000007eeb00000, 0x00000007eec00000, 0x00000007eec00000|100%| E|CS|TAMS 0x00000007eeb00000, 0x00000007eeb00000| Complete 
| 236|0x00000007eec00000, 0x00000007eed00000, 0x00000007eed00000|100%| E|CS|TAMS 0x00000007eec00000, 0x00000007eec00000| Complete 
| 237|0x00000007eed00000, 0x00000007eee00000, 0x00000007eee00000|100%| E|CS|TAMS 0x00000007eed00000, 0x00000007eed00000| Complete 
| 238|0x00000007eee00000, 0x00000007eef00000, 0x00000007eef00000|100%| E|CS|TAMS 0x00000007eee00000, 0x00000007eee00000| Complete 
| 239|0x00000007eef00000, 0x00000007ef000000, 0x00000007ef000000|100%| E|CS|TAMS 0x00000007eef00000, 0x00000007eef00000| Complete 
| 240|0x00000007ef000000, 0x00000007ef100000, 0x00000007ef100000|100%| E|CS|TAMS 0x00000007ef000000, 0x00000007ef000000| Complete 
| 241|0x00000007ef100000, 0x00000007ef200000, 0x00000007ef200000|100%| E|CS|TAMS 0x00000007ef100000, 0x00000007ef100000| Complete 
| 242|0x00000007ef200000, 0x00000007ef300000, 0x00000007ef300000|100%| E|CS|TAMS 0x00000007ef200000, 0x00000007ef200000| Complete 
| 243|0x00000007ef300000, 0x00000007ef400000, 0x00000007ef400000|100%| E|CS|TAMS 0x00000007ef300000, 0x00000007ef300000| Complete 
| 244|0x00000007ef400000, 0x00000007ef500000, 0x00000007ef500000|100%| E|CS|TAMS 0x00000007ef400000, 0x00000007ef400000| Complete 
| 245|0x00000007ef500000, 0x00000007ef600000, 0x00000007ef600000|100%| E|CS|TAMS 0x00000007ef500000, 0x00000007ef500000| Complete 
| 246|0x00000007ef600000, 0x00000007ef700000, 0x00000007ef700000|100%| E|CS|TAMS 0x00000007ef600000, 0x00000007ef600000| Complete 
| 247|0x00000007ef700000, 0x00000007ef800000, 0x00000007ef800000|100%| E|CS|TAMS 0x00000007ef700000, 0x00000007ef700000| Complete 
| 248|0x00000007ef800000, 0x00000007ef900000, 0x00000007ef900000|100%| E|CS|TAMS 0x00000007ef800000, 0x00000007ef800000| Complete 
| 249|0x00000007ef900000, 0x00000007efa00000, 0x00000007efa00000|100%| E|CS|TAMS 0x00000007ef900000, 0x00000007ef900000| Complete 
| 250|0x00000007efa00000, 0x00000007efb00000, 0x00000007efb00000|100%| E|CS|TAMS 0x00000007efa00000, 0x00000007efa00000| Complete 
| 251|0x00000007efb00000, 0x00000007efc00000, 0x00000007efc00000|100%| E|CS|TAMS 0x00000007efb00000, 0x00000007efb00000| Complete 
| 254|0x00000007efe00000, 0x00000007eff00000, 0x00000007eff00000|100%| E|CS|TAMS 0x00000007efe00000, 0x00000007efe00000| Complete 
| 255|0x00000007eff00000, 0x00000007f0000000, 0x00000007f0000000|100%| E|CS|TAMS 0x00000007eff00000, 0x00000007eff00000| Complete 
| 510|0x00000007ffe00000, 0x00000007ffe76000, 0x00000007fff00000| 46%|OA|  |TAMS 0x00000007ffe76000, 0x00000007ffe00000| Untracked 
| 511|0x00000007fff00000, 0x00000007fff80000, 0x0000000800000000| 50%|CA|  |TAMS 0x00000007fff80000, 0x00000007fff00000| Untracked 

Card table byte_map: [0x0000000111b52000,0x0000000111c52000] _byte_map_base: 0x000000010dc52000

Marking Bits (Prev, Next): (CMBitMap*) 0x00007fb8b5832810, (CMBitMap*) 0x00007fb8b5832850
 Prev Bits: [0x0000000111d52000, 0x0000000112552000)
 Next Bits: [0x0000000112552000, 0x0000000112d52000)

Polling page: 0x000000010e71b000

Metaspace:

Usage:
  Non-class:     43.22 MB used.
      Class:      7.45 MB used.
       Both:     50.67 MB used.

Virtual space:
  Non-class space:       64.00 MB reserved,      43.50 MB ( 68%) committed,  1 nodes.
      Class space:      320.00 MB reserved,       7.69 MB (  2%) committed,  1 nodes.
             Both:      384.00 MB reserved,      51.19 MB ( 13%) committed. 

Chunk freelists:
   Non-Class:  3.86 MB
       Class:  8.27 MB
        Both:  12.12 MB

MaxMetaspaceSize: 384.00 MB
CompressedClassSpaceSize: 320.00 MB
Initial GC threshold: 21.00 MB
Current GC threshold: 59.81 MB
CDS: on
MetaspaceReclaimPolicy: balanced
 - commit_granule_bytes: 65536.
 - commit_granule_words: 8192.
 - virtual_space_node_default_size: 8388608.
 - enlarge_chunks_in_place: 1.
 - new_chunks_are_fully_committed: 0.
 - uncommit_free_chunks: 1.
 - use_allocation_guard: 0.
 - handle_deallocations: 1.


Internal statistics:

num_allocs_failed_limit: 9.
num_arena_births: 610.
num_arena_deaths: 0.
num_vsnodes_births: 2.
num_vsnodes_deaths: 0.
num_space_committed: 819.
num_space_uncommitted: 0.
num_chunks_returned_to_freelist: 9.
num_chunks_taken_from_freelist: 2776.
num_chunk_merges: 9.
num_chunk_splits: 1793.
num_chunks_enlarged: 1187.
num_inconsistent_stats: 0.

CodeHeap 'non-profiled nmethods': size=120032Kb used=1873Kb max_used=2535Kb free=118158Kb
 bounds [0x00000001246c0000, 0x0000000124940000, 0x000000012bbf8000]
CodeHeap 'profiled nmethods': size=120028Kb used=9106Kb max_used=11162Kb free=110922Kb
 bounds [0x000000011cbf8000, 0x000000011d6e8000, 0x000000012412f000]
CodeHeap 'non-nmethods': size=5700Kb used=2316Kb max_used=2353Kb free=3383Kb
 bounds [0x000000012412f000, 0x000000012439f000, 0x00000001246c0000]
 total_blobs=6140 nmethods=5304 adapters=749
 compilation: enabled
              stopped_count=0, restarted_count=0
 full_count=0

Compilation events (20 events):
Event: 13.368 Thread 0x00007fb8b5019400 6371   !   2       org.gradle.cache.internal.btree.FileBackedBlockStore::read (72 bytes)
Event: 13.370 Thread 0x00007fb8b5019400 nmethod 6371 0x000000011cc50b10 code [0x000000011cc50d20, 0x000000011cc51310]
Event: 13.370 Thread 0x00007fb8b5019400 6372       2       org.gradle.cache.internal.btree.FileBackedBlockStore$BlockImpl::<init> (8 bytes)
Event: 13.371 Thread 0x00007fb8b5019400 nmethod 6372 0x000000011d0ab290 code [0x000000011d0ab440, 0x000000011d0ab6e0]
Event: 13.371 Thread 0x00007fb8b5019400 6366       2       com.google.common.util.concurrent.AbstractFuture::<init> (5 bytes)
Event: 13.372 Thread 0x00007fb8b5019400 nmethod 6366 0x000000011d080610 code [0x000000011d0807a0, 0x000000011d080890]
Event: 13.372 Thread 0x00007fb8b5019400 6367       2       com.google.common.base.Stopwatch::createUnstarted (8 bytes)
Event: 13.373 Thread 0x00007fb8b5019400 nmethod 6367 0x000000011d1e6a90 code [0x000000011d1e6c40, 0x000000011d1e6df0]
Event: 13.373 Thread 0x00007fb8b5019400 6368       2       com.google.common.base.Stopwatch::<init> (12 bytes)
Event: 13.373 Thread 0x00007fb8b5019400 nmethod 6368 0x000000011d1cf990 code [0x000000011d1cfb20, 0x000000011d1cfc90]
Event: 13.373 Thread 0x00007fb8b5019400 6369       2       com.google.common.cache.LocalCache$Segment::loadSync (19 bytes)
Event: 13.374 Thread 0x00007fb8b5019400 nmethod 6369 0x000000011d2e2c10 code [0x000000011d2e2dc0, 0x000000011d2e2f30]
Event: 13.374 Thread 0x00007fb8b5019400 6370       2       com.google.common.util.concurrent.AbstractFuture$TrustedFuture::<init> (5 bytes)
Event: 13.374 Thread 0x00007fb8b5019400 nmethod 6370 0x000000011d12c990 code [0x000000011d12cb20, 0x000000011d12cc10]
Event: 13.374 Thread 0x00007fb8b5019400 6373       2       org.gradle.cache.internal.btree.FreeListBlockStore$2::create (29 bytes)
Event: 13.375 Thread 0x00007fb8b5019400 nmethod 6373 0x000000011ce6f290 code [0x000000011ce6f460, 0x000000011ce6f860]
Event: 13.387 Thread 0x00007fb8b5019400 6376       2       org.gradle.cache.internal.btree.ByteInput::start (42 bytes)
Event: 13.393 Thread 0x00007fb8b5019400 nmethod 6376 0x000000011ce93510 code [0x000000011ce93700, 0x000000011ce93f20]
Event: 13.393 Thread 0x00007fb8b5019400 6377       2       org.gradle.internal.snapshot.RelativePathTracker::leave (29 bytes)
Event: 13.393 Thread 0x00007fb8b5019400 nmethod 6377 0x000000011d1f7590 code [0x000000011d1f7740, 0x000000011d1f78e0]

GC Heap History (16 events):
Event: 0.694 GC heap before
{Heap before GC invocations=0 (full 0):
 garbage-first heap   total 264192K, used 13272K [0x00000007e0000000, 0x0000000800000000)
  region size 1024K, 13 young (13312K), 0 survivors (0K)
 Metaspace       used 969K, committed 1088K, reserved 393216K
  class space    used 77K, committed 128K, reserved 327680K
}
Event: 0.698 GC heap after
{Heap after GC invocations=1 (full 0):
 garbage-first heap   total 264192K, used 2726K [0x00000007e0000000, 0x0000000800000000)
  region size 1024K, 2 young (2048K), 2 survivors (2048K)
 Metaspace       used 969K, committed 1088K, reserved 393216K
  class space    used 77K, committed 128K, reserved 327680K
}
Event: 2.014 GC heap before
{Heap before GC invocations=1 (full 0):
 garbage-first heap   total 264192K, used 29350K [0x00000007e0000000, 0x0000000800000000)
  region size 1024K, 25 young (25600K), 2 survivors (2048K)
 Metaspace       used 3973K, committed 4160K, reserved 393216K
  class space    used 511K, committed 640K, reserved 327680K
}
Event: 2.020 GC heap after
{Heap after GC invocations=2 (full 0):
 garbage-first heap   total 264192K, used 11945K [0x00000007e0000000, 0x0000000800000000)
  region size 1024K, 4 young (4096K), 4 survivors (4096K)
 Metaspace       used 3973K, committed 4160K, reserved 393216K
  class space    used 511K, committed 640K, reserved 327680K
}
Event: 2.525 GC heap before
{Heap before GC invocations=2 (full 0):
 garbage-first heap   total 264192K, used 40617K [0x00000007e0000000, 0x0000000800000000)
  region size 1024K, 30 young (30720K), 4 survivors (4096K)
 Metaspace       used 4605K, committed 4736K, reserved 393216K
  class space    used 620K, committed 704K, reserved 327680K
}
Event: 2.534 GC heap after
{Heap after GC invocations=3 (full 0):
 garbage-first heap   total 264192K, used 17165K [0x00000007e0000000, 0x0000000800000000)
  region size 1024K, 4 young (4096K), 4 survivors (4096K)
 Metaspace       used 4605K, committed 4736K, reserved 393216K
  class space    used 620K, committed 704K, reserved 327680K
}
Event: 5.330 GC heap before
{Heap before GC invocations=3 (full 0):
 garbage-first heap   total 264192K, used 120589K [0x00000007e0000000, 0x0000000800000000)
  region size 1024K, 106 young (108544K), 4 survivors (4096K)
 Metaspace       used 21219K, committed 21504K, reserved 393216K
  class space    used 3182K, committed 3328K, reserved 327680K
}
Event: 5.345 GC heap after
{Heap after GC invocations=4 (full 0):
 garbage-first heap   total 264192K, used 23421K [0x00000007e0000000, 0x0000000800000000)
  region size 1024K, 11 young (11264K), 11 survivors (11264K)
 Metaspace       used 21219K, committed 21504K, reserved 393216K
  class space    used 3182K, committed 3328K, reserved 327680K
}
Event: 7.995 GC heap before
{Heap before GC invocations=5 (full 0):
 garbage-first heap   total 262144K, used 146301K [0x00000007e0000000, 0x0000000800000000)
  region size 1024K, 128 young (131072K), 11 survivors (11264K)
 Metaspace       used 35667K, committed 36096K, reserved 393216K
  class space    used 5079K, committed 5312K, reserved 327680K
}
Event: 8.026 GC heap after
{Heap after GC invocations=6 (full 0):
 garbage-first heap   total 262144K, used 32997K [0x00000007e0000000, 0x0000000800000000)
  region size 1024K, 20 young (20480K), 20 survivors (20480K)
 Metaspace       used 35667K, committed 36096K, reserved 393216K
  class space    used 5079K, committed 5312K, reserved 327680K
}
Event: 8.042 GC heap before
{Heap before GC invocations=6 (full 0):
 garbage-first heap   total 262144K, used 32997K [0x00000007e0000000, 0x0000000800000000)
  region size 1024K, 21 young (21504K), 20 survivors (20480K)
 Metaspace       used 35773K, committed 36224K, reserved 393216K
  class space    used 5097K, committed 5312K, reserved 327680K
}
Event: 8.072 GC heap after
{Heap after GC invocations=7 (full 0):
 garbage-first heap   total 262144K, used 33645K [0x00000007e0000000, 0x0000000800000000)
  region size 1024K, 2 young (2048K), 2 survivors (2048K)
 Metaspace       used 35773K, committed 36224K, reserved 393216K
  class space    used 5097K, committed 5312K, reserved 327680K
}
Event: 8.118 GC heap before
{Heap before GC invocations=7 (full 0):
 garbage-first heap   total 262144K, used 34669K [0x00000007e0000000, 0x0000000800000000)
  region size 1024K, 4 young (4096K), 2 survivors (2048K)
 Metaspace       used 35979K, committed 36416K, reserved 393216K
  class space    used 5127K, committed 5312K, reserved 327680K
}
Event: 8.121 GC heap after
{Heap after GC invocations=8 (full 0):
 garbage-first heap   total 262144K, used 32355K [0x00000007e0000000, 0x0000000800000000)
  region size 1024K, 1 young (1024K), 1 survivors (1024K)
 Metaspace       used 35979K, committed 36416K, reserved 393216K
  class space    used 5127K, committed 5312K, reserved 327680K
}
Event: 11.629 GC heap before
{Heap before GC invocations=9 (full 0):
 garbage-first heap   total 262144K, used 189027K [0x00000007e0000000, 0x0000000800000000)
  region size 1024K, 153 young (156672K), 1 survivors (1024K)
 Metaspace       used 48979K, committed 49536K, reserved 393216K
  class space    used 7136K, committed 7424K, reserved 327680K
}
Event: 11.662 GC heap after
{Heap after GC invocations=10 (full 0):
 garbage-first heap   total 262144K, used 41210K [0x00000007e0000000, 0x0000000800000000)
  region size 1024K, 10 young (10240K), 10 survivors (10240K)
 Metaspace       used 48979K, committed 49536K, reserved 393216K
  class space    used 7136K, committed 7424K, reserved 327680K
}

Deoptimization events (20 events):
Event: 13.164 Thread 0x00007fb8b55ad800 Uncommon trap: trap_request=0xffffff45 fr.pc=0x000000012487fd3c relative=0x00000000000006dc
Event: 13.164 Thread 0x00007fb8b55ad800 Uncommon trap: reason=unstable_if action=reinterpret pc=0x000000012487fd3c method=java.lang.ClassLoader.checkCerts(Ljava/lang/String;Ljava/security/CodeSource;)V @ 30 c2
Event: 13.164 Thread 0x00007fb8b55ad800 DEOPT PACKING pc=0x000000012487fd3c sp=0x0000700008890600
Event: 13.164 Thread 0x00007fb8b55ad800 DEOPT UNPACKING pc=0x0000000124181099 sp=0x00007000088905e0 mode 2
Event: 13.249 Thread 0x00007fb8b6e0cc00 DEOPT PACKING pc=0x000000011cfe0b68 sp=0x000070000ad00f50
Event: 13.250 Thread 0x00007fb8b6e0cc00 DEOPT UNPACKING pc=0x000000012418182f sp=0x000070000ad00450 mode 0
Event: 13.284 Thread 0x00007fb8b6e0cc00 DEOPT PACKING pc=0x000000011d59792c sp=0x000070000ad01cc0
Event: 13.284 Thread 0x00007fb8b6e0cc00 DEOPT UNPACKING pc=0x000000012418182f sp=0x000070000ad011a0 mode 0
Event: 13.306 Thread 0x00007fb8b6e0cc00 Uncommon trap: trap_request=0xffffff6e fr.pc=0x00000001246fc2a4 relative=0x0000000000000184
Event: 13.306 Thread 0x00007fb8b6e0cc00 Uncommon trap: reason=loop_limit_check action=maybe_recompile pc=0x00000001246fc2a4 method=java.lang.StringLatin1.lastIndexOf([BII)I @ 19 c2
Event: 13.307 Thread 0x00007fb8b6e0cc00 DEOPT PACKING pc=0x00000001246fc2a4 sp=0x000070000ad00880
Event: 13.307 Thread 0x00007fb8b6e0cc00 DEOPT UNPACKING pc=0x0000000124181099 sp=0x000070000ad00758 mode 2
Event: 13.312 Thread 0x00007fb8b6e0cc00 Uncommon trap: trap_request=0xffffff6e fr.pc=0x00000001246d54e4 relative=0x0000000000000144
Event: 13.312 Thread 0x00007fb8b6e0cc00 Uncommon trap: reason=loop_limit_check action=maybe_recompile pc=0x00000001246d54e4 method=java.lang.StringLatin1.lastIndexOf([BII)I @ 19 c2
Event: 13.312 Thread 0x00007fb8b6e0cc00 DEOPT PACKING pc=0x00000001246d54e4 sp=0x000070000ad007c0
Event: 13.312 Thread 0x00007fb8b6e0cc00 DEOPT UNPACKING pc=0x0000000124181099 sp=0x000070000ad00760 mode 2
Event: 13.350 Thread 0x00007fb8b6e0cc00 Uncommon trap: trap_request=0xffffff45 fr.pc=0x000000012492f2c4 relative=0x00000000000005e4
Event: 13.350 Thread 0x00007fb8b6e0cc00 Uncommon trap: reason=unstable_if action=reinterpret pc=0x000000012492f2c4 method=java.lang.String.regionMatches(ZILjava/lang/String;II)Z @ 1 c2
Event: 13.350 Thread 0x00007fb8b6e0cc00 DEOPT PACKING pc=0x000000012492f2c4 sp=0x000070000acfdc40
Event: 13.350 Thread 0x00007fb8b6e0cc00 DEOPT UNPACKING pc=0x0000000124181099 sp=0x000070000acfdc08 mode 2

Classes unloaded (0 events):
No events

Classes redefined (0 events):
No events

Internal exceptions (20 events):
Event: 13.151 Thread 0x00007fb8b55ad800 Implicit null exception at 0x000000012487d26e to 0x000000012487d81c
Event: 13.151 Thread 0x00007fb8b55ad800 Implicit null exception at 0x00000001248bab5d to 0x00000001248bc068
Event: 13.153 Thread 0x00007fb8b55ad800 Exception <a 'java/lang/ClassNotFoundException'{0x00000007ee107240}: ijresolvers1_4a5hzsrggxzutp0r1qswhxtpy$1BeanInfo> (0x00000007ee107240) 
thrown [open/src/hotspot/share/classfile/systemDictionary.cpp, line 256]
Event: 13.154 Thread 0x00007fb8b55ad800 Exception <a 'java/lang/ClassNotFoundException'{0x00000007ee10e618}: ijresolvers1_4a5hzsrggxzutp0r1qswhxtpy$1Customizer> (0x00000007ee10e618) 
thrown [open/src/hotspot/share/classfile/systemDictionary.cpp, line 256]
Event: 13.157 Thread 0x00007fb8b55ad800 Exception <a 'java/lang/ClassNotFoundException'{0x00000007ee028ae0}: java/util/ArrayListBeanInfo> (0x00000007ee028ae0) 
thrown [open/src/hotspot/share/classfile/systemDictionary.cpp, line 256]
Event: 13.158 Thread 0x00007fb8b55ad800 Exception <a 'java/lang/ClassNotFoundException'{0x00000007ee02e918}: java/util/AbstractListBeanInfo> (0x00000007ee02e918) 
thrown [open/src/hotspot/share/classfile/systemDictionary.cpp, line 256]
Event: 13.158 Thread 0x00007fb8b55ad800 Exception <a 'java/lang/ClassNotFoundException'{0x00000007ee034778}: java/util/AbstractListCustomizer> (0x00000007ee034778) 
thrown [open/src/hotspot/share/classfile/systemDictionary.cpp, line 256]
Event: 13.161 Thread 0x00007fb8b55ad800 Exception <a 'java/lang/ClassNotFoundException'{0x00000007ee045518}: java/util/ArrayListCustomizer> (0x00000007ee045518) 
thrown [open/src/hotspot/share/classfile/systemDictionary.cpp, line 256]
Event: 13.164 Thread 0x00007fb8b55ad800 Implicit null exception at 0x000000012487f935 to 0x000000012487fd20
Event: 13.230 Thread 0x00007fb8b7c91200 Exception <a 'java/lang/NoSuchMethodError'{0x00000007edd71320}: 'void java.lang.invoke.DirectMethodHandle$Holder.invokeSpecial(java.lang.Object, java.lang.Object, java.lang.Object, java.lang.Object, int, java.lang.Object, java.lang.Object)'> (0x00000007edd71320) 
thrown [open/src/hotspot/share/interpreter/linkResolver.cpp, line 759]
Event: 13.251 Thread 0x00007fb8b6e0cc00 Exception <a 'java/lang/NoSuchMethodError'{0x00000007edfe8f38}: 'void java.lang.invoke.DirectMethodHandle$Holder.invokeInterface(java.lang.Object, java.lang.Object, java.lang.Object, java.lang.Object)'> (0x00000007edfe8f38) 
thrown [open/src/hotspot/share/interpreter/linkResolver.cpp, line 759]
Event: 13.291 Thread 0x00007fb8b55b7e00 Exception <a 'java/lang/NoSuchMethodError'{0x00000007eda530f0}: static Lorg/gradle/internal/build/event/types/DefaultTaskStartedProgressEvent;.<clinit>()V> (0x00000007eda530f0) 
thrown [open/src/hotspot/share/prims/jni.cpp, line 1112]
Event: 13.291 Thread 0x00007fb8b55b7e00 Exception <a 'java/lang/NoSuchMethodError'{0x00000007eda55158}: static Lorg/gradle/internal/build/event/types/AbstractProgressEvent;.<clinit>()V> (0x00000007eda55158) 
thrown [open/src/hotspot/share/prims/jni.cpp, line 1112]
Event: 13.295 Thread 0x00007fb8b55b7e00 Exception <a 'java/lang/NoSuchMethodError'{0x00000007edaa2540}: static Lorg/gradle/internal/build/event/types/DefaultTaskDescriptor;.<clinit>()V> (0x00000007edaa2540) 
thrown [open/src/hotspot/share/prims/jni.cpp, line 1112]
Event: 13.301 Thread 0x00007fb8b55b7e00 Exception <a 'java/lang/NoSuchMethodError'{0x00000007edacb5c8}: static Lorg/gradle/internal/operations/OperationIdentifier;.<clinit>()V> (0x00000007edacb5c8) 
thrown [open/src/hotspot/share/prims/jni.cpp, line 1112]
Event: 13.303 Thread 0x00007fb8b55b7e00 Exception <a 'java/lang/NoSuchMethodError'{0x00000007edad4f80}: static Lorg/gradle/internal/build/event/types/DefaultBinaryPluginIdentifier;.<clinit>()V> (0x00000007edad4f80) 
thrown [open/src/hotspot/share/prims/jni.cpp, line 1112]
Event: 13.308 Thread 0x00007fb8b6e0cc00 Exception <a 'sun/nio/fs/UnixException'{0x00000007eda98718}> (0x00000007eda98718) 
thrown [open/src/hotspot/share/prims/jni.cpp, line 516]
Event: 13.312 Thread 0x00007fb8b6e0cc00 Exception <a 'sun/nio/fs/UnixException'{0x00000007ed900b00}> (0x00000007ed900b00) 
thrown [open/src/hotspot/share/prims/jni.cpp, line 516]
Event: 13.315 Thread 0x00007fb8b6e0cc00 Exception <a 'sun/nio/fs/UnixException'{0x00000007ed902a78}> (0x00000007ed902a78) 
thrown [open/src/hotspot/share/prims/jni.cpp, line 516]
Event: 13.317 Thread 0x00007fb8b6e0cc00 Exception <a 'sun/nio/fs/UnixException'{0x00000007ed9047e8}> (0x00000007ed9047e8) 
thrown [open/src/hotspot/share/prims/jni.cpp, line 516]

VM Operations (20 events):
Event: 11.629 Executing VM operation: G1CollectForAllocation
Event: 11.662 Executing VM operation: G1CollectForAllocation done
Event: 12.666 Executing VM operation: Cleanup
Event: 12.667 Executing VM operation: Cleanup done
Event: 13.016 Executing VM operation: HandshakeAllThreads
Event: 13.016 Executing VM operation: HandshakeAllThreads done
Event: 13.019 Executing VM operation: ICBufferFull
Event: 13.019 Executing VM operation: ICBufferFull done
Event: 13.036 Executing VM operation: HandshakeAllThreads
Event: 13.037 Executing VM operation: HandshakeAllThreads done
Event: 13.068 Executing VM operation: HandshakeAllThreads
Event: 13.068 Executing VM operation: HandshakeAllThreads done
Event: 13.084 Executing VM operation: HandshakeAllThreads
Event: 13.084 Executing VM operation: HandshakeAllThreads done
Event: 13.166 Executing VM operation: ICBufferFull
Event: 13.167 Executing VM operation: ICBufferFull done
Event: 13.284 Executing VM operation: HandshakeAllThreads
Event: 13.284 Executing VM operation: HandshakeAllThreads done
Event: 13.326 Executing VM operation: HandshakeAllThreads
Event: 13.326 Executing VM operation: HandshakeAllThreads done

Events (20 events):
Event: 13.289 loading class java/io/ObjectStreamClass$FieldReflectorKey
Event: 13.289 loading class java/io/ObjectStreamClass$FieldReflectorKey done
Event: 13.289 loading class java/io/ObjectStreamClass$FieldReflector
Event: 13.289 loading class java/io/ObjectStreamClass$FieldReflector done
Event: 13.290 loading class java/io/ObjectStreamClass$1
Event: 13.290 loading class java/io/ObjectStreamClass$1 done
Event: 13.290 loading class java/io/ObjectStreamClass$MemberSignature
Event: 13.290 loading class java/io/ObjectStreamClass$MemberSignature done
Event: 13.290 loading class java/io/ObjectStreamClass$3
Event: 13.290 loading class java/io/ObjectStreamClass$3 done
Event: 13.291 loading class java/io/ObjectStreamClass$4
Event: 13.291 loading class java/io/ObjectStreamClass$4 done
Event: 13.291 loading class java/io/ObjectStreamClass$5
Event: 13.291 loading class java/io/ObjectStreamClass$5 done
Event: 13.291 loading class java/io/ObjectStreamClass$ClassDataSlot
Event: 13.292 loading class java/io/ObjectStreamClass$ClassDataSlot done
Event: 13.297 loading class jdk/internal/reflect/UnsafeQualifiedStaticLongFieldAccessorImpl
Event: 13.297 loading class jdk/internal/reflect/UnsafeQualifiedStaticLongFieldAccessorImpl done
Event: 13.298 loading class java/io/SerialCallbackContext
Event: 13.298 loading class java/io/SerialCallbackContext done


Dynamic libraries:
0x00007fff2a4c0000 	/usr/lib/libz.1.dylib
0x000000010e6e2000 	/Users/bryanatwood/.sdkman/candidates/java/17.0.11-oracle/lib/libjli.dylib
0x00007fff34f16000 	/System/Library/Frameworks/Cocoa.framework/Versions/A/Cocoa
0x00007fff2223c000 	/System/Library/Frameworks/Security.framework/Versions/A/Security
0x00007fff33119000 	/System/Library/Frameworks/ApplicationServices.framework/Versions/A/ApplicationServices
0x00007fff2a588000 	/usr/lib/libSystem.B.dylib
0x00007fff2a582000 	/usr/lib/system/libcache.dylib
0x00007fff2a53e000 	/usr/lib/system/libcommonCrypto.dylib
0x00007fff2a568000 	/usr/lib/system/libcompiler_rt.dylib
0x00007fff2a55d000 	/usr/lib/system/libcopyfile.dylib
0x00007fff20133000 	/usr/lib/system/libcorecrypto.dylib
0x00007fff201fe000 	/usr/lib/system/libdispatch.dylib
0x00007fff203b1000 	/usr/lib/system/libdyld.dylib
0x00007fff2a579000 	/usr/lib/system/libkeymgr.dylib
0x00007fff2d990000 	/usr/lib/system/liblaunch.dylib
0x00007fff2a51c000 	/usr/lib/system/libmacho.dylib
0x00007fff29d14000 	/usr/lib/system/libquarantine.dylib
0x00007fff2a576000 	/usr/lib/system/libremovefile.dylib
0x00007fff24c17000 	/usr/lib/system/libsystem_asl.dylib
0x00007fff200e3000 	/usr/lib/system/libsystem_blocks.dylib
0x00007fff20280000 	/usr/lib/system/libsystem_c.dylib
0x00007fff2a570000 	/usr/lib/system/libsystem_collections.dylib
0x00007fff2901a000 	/usr/lib/system/libsystem_configuration.dylib
0x00007fff28305000 	/usr/lib/system/libsystem_containermanager.dylib
0x00007fff2a2bf000 	/usr/lib/system/libsystem_coreservices.dylib
0x00007fff227f4000 	/usr/lib/system/libsystem_darwin.dylib
0x00007fff2a57a000 	/usr/lib/system/libsystem_dnssd.dylib
0x00007fff2027d000 	/usr/lib/system/libsystem_featureflags.dylib
0x00007fff203f7000 	/usr/lib/system/libsystem_info.dylib
0x00007fff2a4d3000 	/usr/lib/system/libsystem_m.dylib
0x00007fff201d1000 	/usr/lib/system/libsystem_malloc.dylib
0x00007fff24baa000 	/usr/lib/system/libsystem_networkextension.dylib
0x00007fff22c13000 	/usr/lib/system/libsystem_notify.dylib
0x00007fff2fe2c000 	/usr/lib/system/libsystem_product_info_filter.dylib
0x00007fff2901e000 	/usr/lib/system/libsystem_sandbox.dylib
0x00007fff2a573000 	/usr/lib/system/libsystem_secinit.dylib
0x00007fff20375000 	/usr/lib/system/libsystem_kernel.dylib
0x00007fff203ed000 	/usr/lib/system/libsystem_platform.dylib
0x00007fff203a5000 	/usr/lib/system/libsystem_pthread.dylib
0x00007fff262f6000 	/usr/lib/system/libsystem_symptoms.dylib
0x00007fff2011b000 	/usr/lib/system/libsystem_trace.dylib
0x00007fff2a54a000 	/usr/lib/system/libunwind.dylib
0x00007fff200e5000 	/usr/lib/system/libxpc.dylib
0x00007fff2035f000 	/usr/lib/libc++abi.dylib
0x00007fff20243000 	/usr/lib/libobjc.A.dylib
0x00007fff2a555000 	/usr/lib/liboah.dylib
0x00007fff20309000 	/usr/lib/libc++.1.dylib
0x00007fff20423000 	/System/Library/Frameworks/CoreFoundation.framework/Versions/A/CoreFoundation
0x00007fff211d4000 	/System/Library/Frameworks/Foundation.framework/Versions/C/Foundation
0x00007fff22c6d000 	/System/Library/Frameworks/AppKit.framework/Versions/C/AppKit
0x00007fff25b31000 	/System/Library/Frameworks/CoreData.framework/Versions/A/CoreData
0x00007fff239b9000 	/System/Library/PrivateFrameworks/UIFoundation.framework/Versions/A/UIFoundation
0x00007fff2fbbf000 	/System/Library/PrivateFrameworks/RemoteViewServices.framework/Versions/A/RemoteViewServices
0x00007fff289cb000 	/System/Library/PrivateFrameworks/XCTTargetBootstrap.framework/Versions/A/XCTTargetBootstrap
0x00007fff2b6b4000 	/usr/lib/libspindump.dylib
0x00007fff23c08000 	/System/Library/Frameworks/UniformTypeIdentifiers.framework/Versions/A/UniformTypeIdentifiers
0x00007fff271cf000 	/usr/lib/libapp_launch_measurement.dylib
0x00007fff271d2000 	/System/Library/PrivateFrameworks/CoreAutoLayout.framework/Versions/A/CoreAutoLayout
0x00007fff28332000 	/System/Library/Frameworks/Metal.framework/Versions/A/Metal
0x00007fff29029000 	/usr/lib/liblangid.dylib
0x00007fff289cf000 	/System/Library/PrivateFrameworks/CoreSVG.framework/Versions/A/CoreSVG
0x00007fff24c47000 	/System/Library/PrivateFrameworks/SkyLight.framework/Versions/A/SkyLight
0x00007fff24fad000 	/System/Library/Frameworks/CoreGraphics.framework/Versions/A/CoreGraphics
0x00007fff300e6000 	/System/Library/Frameworks/Accelerate.framework/Versions/A/Accelerate
0x00007fff2b0f2000 	/System/Library/PrivateFrameworks/IconServices.framework/Versions/A/IconServices
0x00007fff28316000 	/System/Library/Frameworks/IOSurface.framework/Versions/A/IOSurface
0x00007fff264ba000 	/usr/lib/libDiagnosticMessagesClient.dylib
0x00007fff289b7000 	/System/Library/PrivateFrameworks/DFRFoundation.framework/Versions/A/DFRFoundation
0x00007fff22594000 	/usr/lib/libicucore.A.dylib
0x00007fff2cbf9000 	/System/Library/Frameworks/AudioToolbox.framework/Versions/A/AudioToolbox
0x00007fff2be81000 	/System/Library/PrivateFrameworks/DataDetectorsCore.framework/Versions/A/DataDetectorsCore
0x00007fff24bba000 	/usr/lib/libMobileGestalt.dylib
0x00007fff286bb000 	/System/Library/Frameworks/Carbon.framework/Versions/A/Frameworks/HIToolbox.framework/Versions/A/HIToolbox
0x00007fff26c14000 	/System/Library/Frameworks/QuartzCore.framework/Versions/A/QuartzCore
0x00007fff2fbf7000 	/System/Library/Frameworks/Carbon.framework/Versions/A/Frameworks/SpeechRecognition.framework/Versions/A/SpeechRecognition
0x00007fff26f34000 	/System/Library/PrivateFrameworks/CoreUI.framework/Versions/A/CoreUI
0x00007fff21baa000 	/System/Library/Frameworks/CoreAudio.framework/Versions/A/CoreAudio
0x00007fff265a5000 	/System/Library/Frameworks/DiskArbitration.framework/Versions/A/DiskArbitration
0x00007fff2ba82000 	/System/Library/PrivateFrameworks/MultitouchSupport.framework/Versions/A/MultitouchSupport
0x00007fff2be78000 	/System/Library/PrivateFrameworks/InternationalSupport.framework/Versions/A/InternationalSupport
0x00007fff24bb9000 	/usr/lib/libenergytrace.dylib
0x00007fff22b64000 	/System/Library/Frameworks/IOKit.framework/Versions/A/IOKit
0x00007fff2ff2a000 	/System/Library/Frameworks/CoreServices.framework/Versions/A/CoreServices
0x00007fff27161000 	/System/Library/PrivateFrameworks/PerformanceAnalysis.framework/Versions/A/PerformanceAnalysis
0x00007fff6b8c3000 	/System/Library/Frameworks/OpenGL.framework/Versions/A/OpenGL
0x00007fff2befc000 	/System/Library/PrivateFrameworks/UserActivity.framework/Versions/A/UserActivity
0x00007fff25637000 	/System/Library/Frameworks/ColorSync.framework/Versions/A/ColorSync
0x00007fff28c37000 	/System/Library/Frameworks/CoreImage.framework/Versions/A/CoreImage
0x00007fff219c4000 	/System/Library/Frameworks/CoreText.framework/Versions/A/CoreText
0x00007fff289f9000 	/System/Library/Frameworks/ImageIO.framework/Versions/A/ImageIO
0x00007fff2a58e000 	/System/Library/PrivateFrameworks/SoftLinking.framework/Versions/A/SoftLinking
0x00007fff2721a000 	/usr/lib/libxml2.2.dylib
0x00007fff2a800000 	/usr/lib/libcompression.dylib
0x00007fff2bdaa000 	/System/Library/PrivateFrameworks/TextureIO.framework/Versions/A/TextureIO
0x00007fff2ae30000 	/usr/lib/libate.dylib
0x00007fff2ac14000 	/usr/lib/liblzma.5.dylib
0x00007fff20ee8000 	/System/Library/Frameworks/SystemConfiguration.framework/Versions/A/SystemConfiguration
0x00007fff2a58a000 	/usr/lib/libfakelink.dylib
0x00007fff2470c000 	/System/Library/Frameworks/CFNetwork.framework/Versions/A/CFNetwork
0x00007fff2a6ca000 	/usr/lib/libarchive.2.dylib
0x00007fff20f66000 	/usr/lib/libCRFSuite.dylib
0x00007fff29d3b000 	/usr/lib/libbsm.0.dylib
0x00007fff24085000 	/usr/lib/libnetwork.dylib
0x00007fff2a58f000 	/usr/lib/libpcap.A.dylib
0x00007fff262ef000 	/usr/lib/libdns_services.dylib
0x00007fff2ac2d000 	/usr/lib/libcoretls_cfhelpers.dylib
0x00007fff2a7c9000 	/usr/lib/libapple_nghttp2.dylib
0x00007fff2a522000 	/usr/lib/system/libkxld.dylib
0x00007fff25f67000 	/usr/lib/libsqlite3.dylib
0x00007fff2a2a2000 	/System/Library/PrivateFrameworks/AppleFSCompression.framework/Versions/A/AppleFSCompression
0x00007fff29d23000 	/usr/lib/libcoretls.dylib
0x00007fff2a7fa000 	/usr/lib/libpam.2.dylib
0x00007fff2ad2b000 	/usr/lib/libxar.1.dylib
0x00007fff29025000 	/System/Library/PrivateFrameworks/AppleSystemInfo.framework/Versions/A/AppleSystemInfo
0x00007fff29965000 	/System/Library/PrivateFrameworks/IOMobileFramebuffer.framework/Versions/A/IOMobileFramebuffer
0x00007fff2a2b2000 	/usr/lib/libbz2.1.0.dylib
0x00007fff2a5c7000 	/usr/lib/libiconv.2.dylib
0x00007fff2a51b000 	/usr/lib/libcharset.1.dylib
0x00007fff2719d000 	/System/Library/Frameworks/CoreServices.framework/Versions/A/Frameworks/FSEvents.framework/Versions/A/FSEvents
0x00007fff227fe000 	/System/Library/Frameworks/CoreServices.framework/Versions/A/Frameworks/CarbonCore.framework/Versions/A/CarbonCore
0x00007fff2650a000 	/System/Library/Frameworks/CoreServices.framework/Versions/A/Frameworks/Metadata.framework/Versions/A/Metadata
0x00007fff2a2c4000 	/System/Library/Frameworks/CoreServices.framework/Versions/A/Frameworks/OSServices.framework/Versions/A/OSServices
0x00007fff2a73c000 	/System/Library/Frameworks/CoreServices.framework/Versions/A/Frameworks/SearchKit.framework/Versions/A/SearchKit
0x00007fff2627a000 	/System/Library/Frameworks/CoreServices.framework/Versions/A/Frameworks/AE.framework/Versions/A/AE
0x00007fff208c1000 	/System/Library/Frameworks/CoreServices.framework/Versions/A/Frameworks/LaunchServices.framework/Versions/A/LaunchServices
0x00007fff2abc4000 	/System/Library/Frameworks/CoreServices.framework/Versions/A/Frameworks/DictionaryServices.framework/Versions/A/DictionaryServices
0x00007fff271aa000 	/System/Library/Frameworks/CoreServices.framework/Versions/A/Frameworks/SharedFileList.framework/Versions/A/SharedFileList
0x00007fff29d17000 	/usr/lib/libCheckFix.dylib
0x00007fff24c2e000 	/System/Library/PrivateFrameworks/TCC.framework/Versions/A/TCC
0x00007fff2902b000 	/System/Library/PrivateFrameworks/CoreNLP.framework/Versions/A/CoreNLP
0x00007fff264bd000 	/System/Library/PrivateFrameworks/MetadataUtilities.framework/Versions/A/MetadataUtilities
0x00007fff20f9b000 	/usr/lib/libmecabra.dylib
0x00007fff2a021000 	/System/Library/Frameworks/MLCompute.framework/Versions/A/MLCompute
0x00007fff29d4c000 	/usr/lib/libmecab.dylib
0x00007fff29d96000 	/usr/lib/libgermantok.dylib
0x00007fff2a7a4000 	/usr/lib/libThaiTokenizer.dylib
0x00007fff2ad67000 	/usr/lib/libChineseTokenizer.dylib
0x00007fff2a7f8000 	/System/Library/Frameworks/MetalPerformanceShaders.framework/Versions/A/MetalPerformanceShaders
0x00007fff265ac000 	/System/Library/Frameworks/Accelerate.framework/Versions/A/Frameworks/vImage.framework/Versions/A/vImage
0x00007fff2ff04000 	/System/Library/Frameworks/Accelerate.framework/Versions/A/Frameworks/vecLib.framework/Versions/A/vecLib
0x00007fff2ad72000 	/System/Library/Frameworks/Accelerate.framework/Versions/A/Frameworks/vecLib.framework/Versions/A/libvMisc.dylib
0x00007fff29780000 	/System/Library/Frameworks/Accelerate.framework/Versions/A/Frameworks/vecLib.framework/Versions/A/libvDSP.dylib
0x00007fff20bce000 	/System/Library/Frameworks/Accelerate.framework/Versions/A/Frameworks/vecLib.framework/Versions/A/libBLAS.dylib
0x00007fff2a826000 	/System/Library/Frameworks/Accelerate.framework/Versions/A/Frameworks/vecLib.framework/Versions/A/libLAPACK.dylib
0x00007fff29d9c000 	/System/Library/Frameworks/Accelerate.framework/Versions/A/Frameworks/vecLib.framework/Versions/A/libLinearAlgebra.dylib
0x00007fff2a7e1000 	/System/Library/Frameworks/Accelerate.framework/Versions/A/Frameworks/vecLib.framework/Versions/A/libSparseBLAS.dylib
0x00007fff2a820000 	/System/Library/Frameworks/Accelerate.framework/Versions/A/Frameworks/vecLib.framework/Versions/A/libQuadrature.dylib
0x00007fff290d7000 	/System/Library/Frameworks/Accelerate.framework/Versions/A/Frameworks/vecLib.framework/Versions/A/libBNNS.dylib
0x00007fff20e79000 	/System/Library/Frameworks/Accelerate.framework/Versions/A/Frameworks/vecLib.framework/Versions/A/libSparse.dylib
0x00007fff28fb3000 	/System/Library/Frameworks/MetalPerformanceShaders.framework/Versions/A/Frameworks/MPSCore.framework/Versions/A/MPSCore
0x00007fff2a211000 	/System/Library/Frameworks/MetalPerformanceShaders.framework/Versions/A/Frameworks/MPSImage.framework/Versions/A/MPSImage
0x00007fff29db2000 	/System/Library/Frameworks/MetalPerformanceShaders.framework/Versions/A/Frameworks/MPSNeuralNetwork.framework/Versions/A/MPSNeuralNetwork
0x00007fff2a183000 	/System/Library/Frameworks/MetalPerformanceShaders.framework/Versions/A/Frameworks/MPSMatrix.framework/Versions/A/MPSMatrix
0x00007fff29fd1000 	/System/Library/Frameworks/MetalPerformanceShaders.framework/Versions/A/Frameworks/MPSRayIntersector.framework/Versions/A/MPSRayIntersector
0x00007fff2a1ba000 	/System/Library/Frameworks/MetalPerformanceShaders.framework/Versions/A/Frameworks/MPSNDArray.framework/Versions/A/MPSNDArray
0x00007fff20af9000 	/System/Library/PrivateFrameworks/MetalTools.framework/Versions/A/MetalTools
0x00007fff29023000 	/System/Library/PrivateFrameworks/AggregateDictionary.framework/Versions/A/AggregateDictionary
0x00007fff2648a000 	/System/Library/PrivateFrameworks/CoreAnalytics.framework/Versions/A/CoreAnalytics
0x00007fff2a7a6000 	/System/Library/PrivateFrameworks/AppleSauce.framework/Versions/A/AppleSauce
0x00007fff28328000 	/System/Library/PrivateFrameworks/IOAccelerator.framework/Versions/A/IOAccelerator
0x00007fff6b8b7000 	/System/Library/Frameworks/OpenGL.framework/Versions/A/Libraries/libCoreFSCache.dylib
0x00007fff21533000 	/System/Library/PrivateFrameworks/LanguageModeling.framework/Versions/A/LanguageModeling
0x00007fff29953000 	/System/Library/PrivateFrameworks/CoreEmoji.framework/Versions/A/CoreEmoji
0x00007fff290d0000 	/System/Library/PrivateFrameworks/LinguisticData.framework/Versions/A/LinguisticData
0x00007fff20e2b000 	/System/Library/PrivateFrameworks/Lexicon.framework/Versions/A/Lexicon
0x00007fff2a6b8000 	/usr/lib/libcmph.dylib
0x00007fff2717d000 	/System/Library/Frameworks/OpenDirectory.framework/Versions/A/Frameworks/CFOpenDirectory.framework/Versions/A/CFOpenDirectory
0x00007fff2716d000 	/System/Library/Frameworks/OpenDirectory.framework/Versions/A/OpenDirectory
0x00007fff2ac2f000 	/System/Library/PrivateFrameworks/APFS.framework/Versions/A/APFS
0x00007fff29c79000 	/System/Library/Frameworks/SecurityFoundation.framework/Versions/A/SecurityFoundation
0x00007fff2ad3a000 	/usr/lib/libutil.dylib
0x00007fff22b29000 	/System/Library/PrivateFrameworks/CoreServicesStore.framework/Versions/A/CoreServicesStore
0x00007fff29d0f000 	/System/Library/Frameworks/ServiceManagement.framework/Versions/A/ServiceManagement
0x00007fff2ad3e000 	/usr/lib/libxslt.1.dylib
0x00007fff29d05000 	/System/Library/PrivateFrameworks/BackgroundTaskManagement.framework/Versions/A/BackgroundTaskManagement
0x00007fff2bcf4000 	/System/Library/Frameworks/ImageIO.framework/Versions/A/Resources/libRadiance.dylib
0x00007fff2bcfe000 	/System/Library/Frameworks/ImageIO.framework/Versions/A/Resources/libJPEG.dylib
0x00007fff2bc4c000 	/System/Library/Frameworks/ImageIO.framework/Versions/A/Resources/libPng.dylib
0x00007fff2bc6d000 	/System/Library/Frameworks/ImageIO.framework/Versions/A/Resources/libTIFF.dylib
0x00007fff2bd53000 	/System/Library/Frameworks/ImageIO.framework/Versions/A/Resources/libGIF.dylib
0x00007fff2b99e000 	/System/Library/Frameworks/ImageIO.framework/Versions/A/Resources/libJP2.dylib
0x00007fff2b0b9000 	/usr/lib/libexpat.1.dylib
0x00007fff2b954000 	/System/Library/PrivateFrameworks/AppleJPEG.framework/Versions/A/AppleJPEG
0x00007fff2855e000 	/System/Library/PrivateFrameworks/FontServices.framework/libFontParser.dylib
0x00007fff26231000 	/System/Library/PrivateFrameworks/RunningBoardServices.framework/Versions/A/RunningBoardServices
0x00007fff2ba7e000 	/System/Library/PrivateFrameworks/WatchdogClient.framework/Versions/A/WatchdogClient
0x00007fff2161c000 	/System/Library/Frameworks/CoreDisplay.framework/Versions/A/CoreDisplay
0x00007fff28473000 	/System/Library/Frameworks/CoreMedia.framework/Versions/A/CoreMedia
0x00007fff272fd000 	/System/Library/Frameworks/CoreVideo.framework/Versions/A/CoreVideo
0x00007fff2bab9000 	/System/Library/Frameworks/VideoToolbox.framework/Versions/A/VideoToolbox
0x00007fff261b1000 	/System/Library/PrivateFrameworks/BaseBoard.framework/Versions/A/BaseBoard
0x00007fff2b1fe000 	/System/Library/PrivateFrameworks/PersistentConnection.framework/Versions/A/PersistentConnection
0x00007fff25f51000 	/System/Library/PrivateFrameworks/ProtocolBuffer.framework/Versions/A/ProtocolBuffer
0x00007fff26199000 	/System/Library/PrivateFrameworks/CommonUtilities.framework/Versions/A/CommonUtilities
0x00007fff2b917000 	/System/Library/PrivateFrameworks/Bom.framework/Versions/A/Bom
0x00007fff2bcec000 	/System/Library/PrivateFrameworks/GPUWrangler.framework/Versions/A/GPUWrangler
0x00007fff2bccf000 	/System/Library/PrivateFrameworks/IOPresentment.framework/Versions/A/IOPresentment
0x00007fff2bcf8000 	/System/Library/PrivateFrameworks/DSExternalDisplay.framework/Versions/A/DSExternalDisplay
0x00007fff2bd58000 	/System/Library/PrivateFrameworks/CMCaptureCore.framework/Versions/A/CMCaptureCore
0x00007fff2b69a000 	/System/Library/PrivateFrameworks/AppServerSupport.framework/Versions/A/AppServerSupport
0x00007fff2d733000 	/System/Library/PrivateFrameworks/perfdata.framework/Versions/A/perfdata
0x00007fff29c68000 	/System/Library/PrivateFrameworks/AssertionServices.framework/Versions/A/AssertionServices
0x00007fff21753000 	/System/Library/PrivateFrameworks/AudioToolboxCore.framework/Versions/A/AudioToolboxCore
0x00007fff28456000 	/System/Library/PrivateFrameworks/caulk.framework/Versions/A/caulk
0x00007fff3cbf8000 	/System/Library/PrivateFrameworks/SystemPolicy.framework/Versions/A/SystemPolicy
0x00007fff2aec8000 	/usr/lib/libIOReport.dylib
0x00007fff2cf6f000 	/usr/lib/libSMC.dylib
0x00007fff2bc18000 	/usr/lib/libAudioToolboxUtility.dylib
0x00007fff3d555000 	/usr/lib/libmis.dylib
0x00007fff6b913000 	/System/Library/Frameworks/OpenGL.framework/Versions/A/Libraries/libGLU.dylib
0x00007fff6b8d6000 	/System/Library/Frameworks/OpenGL.framework/Versions/A/Libraries/libGFXShared.dylib
0x00007fff6bae4000 	/System/Library/Frameworks/OpenGL.framework/Versions/A/Libraries/libGL.dylib
0x00007fff6b8df000 	/System/Library/Frameworks/OpenGL.framework/Versions/A/Libraries/libGLImage.dylib
0x00007fff6b8d3000 	/System/Library/Frameworks/OpenGL.framework/Versions/A/Libraries/libCVMSPluginSupport.dylib
0x00007fff6b8be000 	/System/Library/Frameworks/OpenGL.framework/Versions/A/Libraries/libCoreVMClient.dylib
0x00007fff6cf2e000 	/System/Library/Frameworks/OpenCL.framework/Versions/A/OpenCL
0x00007fff2b227000 	/System/Library/PrivateFrameworks/GraphVisualizer.framework/Versions/A/GraphVisualizer
0x00007fff2b236000 	/System/Library/PrivateFrameworks/FaceCore.framework/Versions/A/FaceCore
0x00007fff2b652000 	/System/Library/PrivateFrameworks/OTSVG.framework/Versions/A/OTSVG
0x00007fff26ef2000 	/System/Library/Frameworks/ApplicationServices.framework/Versions/A/Frameworks/ATS.framework/Versions/A/Resources/libFontRegistry.dylib
0x00007fff2b6a1000 	/System/Library/PrivateFrameworks/FontServices.framework/libhvf.dylib
0x00007fff2b065000 	/System/Library/PrivateFrameworks/AppleVA.framework/Versions/A/AppleVA
0x00007fff2cdb7000 	/System/Library/Frameworks/ApplicationServices.framework/Versions/A/Frameworks/ATS.framework/Versions/A/ATS
0x00007fff2d0ca000 	/System/Library/Frameworks/ApplicationServices.framework/Versions/A/Frameworks/ColorSyncLegacy.framework/Versions/A/ColorSyncLegacy
0x00007fff2572f000 	/System/Library/Frameworks/ApplicationServices.framework/Versions/A/Frameworks/HIServices.framework/Versions/A/HIServices
0x00007fff2d0af000 	/System/Library/Frameworks/ApplicationServices.framework/Versions/A/Frameworks/LangAnalysis.framework/Versions/A/LangAnalysis
0x00007fff2bd62000 	/System/Library/Frameworks/ApplicationServices.framework/Versions/A/Frameworks/PrintCore.framework/Versions/A/PrintCore
0x00007fff2d0d2000 	/System/Library/Frameworks/ApplicationServices.framework/Versions/A/Frameworks/QD.framework/Versions/A/QD
0x00007fff2cda7000 	/System/Library/Frameworks/ApplicationServices.framework/Versions/A/Frameworks/SpeechSynthesis.framework/Versions/A/SpeechSynthesis
0x00007fff2bd23000 	/System/Library/Frameworks/ApplicationServices.framework/Versions/A/Frameworks/ATSUI.framework/Versions/A/ATSUI
0x00007fff2d04f000 	/usr/lib/libcups.2.dylib
0x00007fff2d0bf000 	/System/Library/PrivateFrameworks/NetAuth.framework/Versions/A/NetAuth
0x00007fff2d74e000 	/System/Library/Frameworks/Kerberos.framework/Versions/A/Kerberos
0x00007fff2d75e000 	/System/Library/Frameworks/GSS.framework/Versions/A/GSS
0x00007fff2ce24000 	/usr/lib/libresolv.9.dylib
0x00007fff2b6b7000 	/System/Library/PrivateFrameworks/Heimdal.framework/Versions/A/Heimdal
0x00007fff3342e000 	/System/Library/Frameworks/Kerberos.framework/Versions/A/Libraries/libHeimdalProxy.dylib
0x00007fff262fe000 	/System/Library/Frameworks/Network.framework/Versions/A/Network
0x00007fff2b0d3000 	/usr/lib/libheimdal-asn1.dylib
0x00007fff2d7af000 	/System/Library/PrivateFrameworks/CommonAuth.framework/Versions/A/CommonAuth
0x00007fff2734b000 	/System/Library/PrivateFrameworks/login.framework/Versions/A/Frameworks/loginsupport.framework/Versions/A/loginsupport
0x00007fff2cd2e000 	/System/Library/PrivateFrameworks/AudioSession.framework/Versions/A/AudioSession
0x00007fff2cd94000 	/usr/lib/libAudioStatistics.dylib
0x00007fff2b15f000 	/System/Library/PrivateFrameworks/MediaExperience.framework/Versions/A/MediaExperience
0x00007fff2cbc7000 	/System/Library/PrivateFrameworks/AudioSession.framework/libSessionUtility.dylib
0x00007fff2d73f000 	/usr/lib/libperfcheck.dylib
0x00007fff2d0de000 	/System/Library/PrivateFrameworks/AudioResourceArbitration.framework/Versions/A/AudioResourceArbitration
0x00007fff2b0dd000 	/System/Library/PrivateFrameworks/IconFoundation.framework/Versions/A/IconFoundation
0x00007fff2fbe7000 	/System/Library/PrivateFrameworks/SpeechRecognitionCore.framework/Versions/A/SpeechRecognitionCore
0x0000000110800000 	/Users/bryanatwood/.sdkman/candidates/java/17.0.11-oracle/lib/server/libjvm.dylib
0x000000010e70b000 	/Users/bryanatwood/.sdkman/candidates/java/17.0.11-oracle/lib/libjimage.dylib
0x000000010e71d000 	/Users/bryanatwood/.sdkman/candidates/java/17.0.11-oracle/lib/libinstrument.dylib
0x000000010e731000 	/Users/bryanatwood/.sdkman/candidates/java/17.0.11-oracle/lib/libjava.dylib
0x000000010e7d8000 	/Users/bryanatwood/.sdkman/candidates/java/17.0.11-oracle/lib/libzip.dylib
0x0000000114d52000 	/Users/bryanatwood/.sdkman/candidates/java/17.0.11-oracle/lib/libnio.dylib
0x0000000114d6e000 	/Users/bryanatwood/.sdkman/candidates/java/17.0.11-oracle/lib/libnet.dylib
0x0000000114d8e000 	/Users/bryanatwood/.sdkman/candidates/java/17.0.11-oracle/lib/libverify.dylib
0x000000010e7ec000 	/Users/bryanatwood/.gradle/native/c067742578af261105cb4f569cf0c3c89f3d7b1fecec35dd04571415982c5e48/osx-amd64/libnative-platform.dylib
0x0000000114da6000 	/Users/bryanatwood/.gradle/native/100fb08df4bc3b14c8652ba06237920a3bd2aa13389f12d3474272988ae205f9/osx-amd64/libnative-platform-file-events.dylib
0x0000000114e12000 	/Users/bryanatwood/.sdkman/candidates/java/17.0.11-oracle/lib/libmanagement.dylib
0x0000000114e22000 	/Users/bryanatwood/.sdkman/candidates/java/17.0.11-oracle/lib/libmanagement_ext.dylib
0x0000000114e32000 	/Users/bryanatwood/.sdkman/candidates/java/17.0.11-oracle/lib/libextnet.dylib


VM Arguments:
jvm_args: --add-opens=java.base/java.util=ALL-UNNAMED --add-opens=java.base/java.lang=ALL-UNNAMED --add-opens=java.base/java.lang.invoke=ALL-UNNAMED --add-opens=java.prefs/java.util.prefs=ALL-UNNAMED --add-opens=java.base/java.nio.charset=ALL-UNNAMED --add-opens=java.base/java.net=ALL-UNNAMED --add-opens=java.base/java.util.concurrent.atomic=ALL-UNNAMED -XX:MaxMetaspaceSize=384m -XX:+HeapDumpOnOutOfMemoryError -Xms256m -Xmx512m -Dfile.encoding=UTF-8 -Duser.country=US -Duser.language=en -Duser.variant -javaagent:/Users/bryanatwood/.gradle/wrapper/dists/gradle-8.8-bin/dl7vupf4psengwqhwktix4v1/gradle-8.8/lib/agents/gradle-instrumentation-agent-8.8.jar 
java_command: org.gradle.launcher.daemon.bootstrap.GradleDaemon 8.8
java_class_path (initial): /Users/bryanatwood/.gradle/wrapper/dists/gradle-8.8-bin/dl7vupf4psengwqhwktix4v1/gradle-8.8/lib/gradle-launcher-8.8.jar
Launcher Type: SUN_STANDARD

[Global flags]
     intx CICompilerCount                          = 3                                         {product} {ergonomic}
   size_t CompressedClassSpaceSize                 = 335544320                                 {product} {ergonomic}
     uint ConcGCThreads                            = 1                                         {product} {ergonomic}
     uint G1ConcRefinementThreads                  = 4                                         {product} {ergonomic}
   size_t G1HeapRegionSize                         = 1048576                                   {product} {ergonomic}
    uintx GCDrainStackTargetSize                   = 64                                        {product} {ergonomic}
     bool HeapDumpOnOutOfMemoryError               = true                                   {manageable} {command line}
   size_t InitialHeapSize                          = 268435456                                 {product} {command line}
   size_t MarkStackSize                            = 4194304                                   {product} {ergonomic}
   size_t MaxHeapSize                              = 536870912                                 {product} {command line}
   size_t MaxMetaspaceSize                         = 402653184                                 {product} {command line}
   size_t MaxNewSize                               = 321912832                                 {product} {ergonomic}
   size_t MinHeapDeltaBytes                        = 1048576                                   {product} {ergonomic}
   size_t MinHeapSize                              = 268435456                                 {product} {command line}
    uintx NonNMethodCodeHeapSize                   = 5832780                                {pd product} {ergonomic}
    uintx NonProfiledCodeHeapSize                  = 122912730                              {pd product} {ergonomic}
    uintx ProfiledCodeHeapSize                     = 122912730                              {pd product} {ergonomic}
    uintx ReservedCodeCacheSize                    = 251658240                              {pd product} {ergonomic}
     bool SegmentedCodeCache                       = true                                      {product} {ergonomic}
   size_t SoftMaxHeapSize                          = 536870912                              {manageable} {ergonomic}
     bool UseCompressedClassPointers               = true                           {product lp64_product} {ergonomic}
     bool UseCompressedOops                        = true                           {product lp64_product} {ergonomic}
     bool UseG1GC                                  = true                                      {product} {ergonomic}
     bool UseNUMA                                  = false                                     {product} {ergonomic}
     bool UseNUMAInterleaving                      = false                                     {product} {ergonomic}

Logging:
Log output configuration:
 #0: stdout all=warning uptime,level,tags
 #1: stderr all=off uptime,level,tags

Environment Variables:
JAVA_HOME=/Users/bryanatwood/.sdkman/candidates/java/current
PATH=/Users/bryanatwood/.pyenv/shims:/Users/bryanatwood/.pyenv/bin:/Users/bryanatwood/.sdkman/candidates/java/current/bin:/Users/bryanatwood/.sdkman/candidates/gradle/current/bin:/usr/local/bin:/usr/bin:/bin:/usr/sbin:/sbin
SHELL=/bin/zsh
LC_CTYPE=en_US.UTF-8

Signal Handlers:
   SIGSEGV: crash_handler in libjvm.dylib, mask=11100110000111110111111111111111, flags=SA_RESTART|SA_SIGINFO
    SIGBUS: crash_handler in libjvm.dylib, mask=11100110000111110111111111111111, flags=SA_RESTART|SA_SIGINFO
    SIGFPE: crash_handler in libjvm.dylib, mask=11100110000111110111111111111111, flags=SA_RESTART|SA_SIGINFO
   SIGPIPE: javaSignalHandler in libjvm.dylib, mask=11100110000111110111111111111111, flags=SA_RESTART|SA_SIGINFO
   SIGXFSZ: javaSignalHandler in libjvm.dylib, mask=11100110000111110111111111111111, flags=SA_RESTART|SA_SIGINFO
    SIGILL: crash_handler in libjvm.dylib, mask=11100110000111110111111111111111, flags=SA_RESTART|SA_SIGINFO
   SIGUSR2: SR_handler in libjvm.dylib, mask=00100000000000000000000000000000, flags=SA_RESTART|SA_SIGINFO
    SIGHUP: UserHandler in libjvm.dylib, mask=11100110000111110111111111111111, flags=SA_RESTART|SA_SIGINFO
    SIGINT: UserHandler in libjvm.dylib, mask=11100110000111110111111111111111, flags=SA_RESTART|SA_SIGINFO
   SIGTERM: UserHandler in libjvm.dylib, mask=11100110000111110111111111111111, flags=SA_RESTART|SA_SIGINFO
   SIGQUIT: UserHandler in libjvm.dylib, mask=11100110000111110111111111111111, flags=SA_RESTART|SA_SIGINFO
   SIGTRAP: crash_handler in libjvm.dylib, mask=11100110000111110111111111111111, flags=SA_RESTART|SA_SIGINFO


---------------  S Y S T E M  ---------------

OS:
uname: Darwin 20.6.0 Darwin Kernel Version 20.6.0: Thu Jul  6 22:12:47 PDT 2023; root:xnu-7195.141.49.702.12~1/RELEASE_X86_64 x86_64
OS uptime: 3 days 0:13 hours
rlimit (soft/hard): STACK 8192k/65532k , CORE 0k/infinity , NPROC 1392/2088 , NOFILE 10240/infinity , AS infinity/infinity , CPU infinity/infinity , DATA infinity/infinity , FSIZE infinity/infinity , MEMLOCK infinity/infinity , RSS infinity/infinity
load average: 2.89 2.57 2.54

CPU: total 4 (initial active 4) (2 cores per cpu, 2 threads per core) family 6 model 69 stepping 1 microcode 0x26, cx8, cmov, fxsr, ht, mmx, sse, sse2, sse3, ssse3, sse4.1, sse4.2, popcnt, lzcnt, tsc, tscinvbit, avx, avx2, aes, erms, clmul, bmi1, bmi2, fma, vzeroupper, clflush

Memory: 4k page, physical 8388608k(178512k free), swap 1048576k(872192k free)

vm_info: Java HotSpot(TM) 64-Bit Server VM (17.0.11+7-LTS-207) for bsd-amd64 JRE (17.0.11+7-LTS-207), built on Mar 11 2024 18:04:21 by "mach5one" with clang Apple LLVM 12.0.0 (clang-1200.0.32.29)

END.
